{"C:\\Users\\oktay\\Documents\\aisports-ui\\components\\FetcherTrigger.tsx": {"path":"C:\\Users\\oktay\\Documents\\aisports-ui\\components\\FetcherTrigger.tsx","all":false,"statementMap":{"0":{"start":{"line":1,"column":0},"end":{"line":1,"column":51}},"1":{"start":{"line":2,"column":0},"end":{"line":2,"column":69}},"2":{"start":{"line":3,"column":0},"end":{"line":3,"column":59}},"3":{"start":{"line":4,"column":0},"end":{"line":4,"column":52}},"5":{"start":{"line":6,"column":0},"end":{"line":6,"column":31}},"6":{"start":{"line":7,"column":0},"end":{"line":7,"column":221}},"9":{"start":{"line":10,"column":0},"end":{"line":10,"column":24}},"10":{"start":{"line":11,"column":0},"end":{"line":11,"column":224}},"18":{"start":{"line":19,"column":0},"end":{"line":19,"column":40}},"19":{"start":{"line":20,"column":0},"end":{"line":20,"column":56}},"20":{"start":{"line":21,"column":0},"end":{"line":21,"column":56}},"21":{"start":{"line":22,"column":0},"end":{"line":22,"column":72}},"22":{"start":{"line":23,"column":0},"end":{"line":23,"column":2}},"24":{"start":{"line":25,"column":0},"end":{"line":25,"column":77}},"25":{"start":{"line":26,"column":0},"end":{"line":26,"column":81}},"26":{"start":{"line":27,"column":0},"end":{"line":27,"column":53}},"27":{"start":{"line":28,"column":0},"end":{"line":28,"column":54}},"28":{"start":{"line":29,"column":0},"end":{"line":29,"column":68}},"31":{"start":{"line":32,"column":0},"end":{"line":32,"column":19}},"32":{"start":{"line":33,"column":0},"end":{"line":33,"column":23}},"34":{"start":{"line":35,"column":0},"end":{"line":35,"column":42}},"35":{"start":{"line":36,"column":0},"end":{"line":36,"column":11}},"36":{"start":{"line":37,"column":0},"end":{"line":37,"column":51}},"39":{"start":{"line":40,"column":0},"end":{"line":40,"column":99}},"40":{"start":{"line":41,"column":0},"end":{"line":41,"column":99}},"43":{"start":{"line":44,"column":0},"end":{"line":44,"column":75}},"44":{"start":{"line":45,"column":0},"end":{"line":45,"column":44}},"45":{"start":{"line":46,"column":0},"end":{"line":46,"column":60}},"46":{"start":{"line":47,"column":0},"end":{"line":47,"column":23}},"47":{"start":{"line":48,"column":0},"end":{"line":48,"column":65}},"49":{"start":{"line":50,"column":0},"end":{"line":50,"column":17}},"50":{"start":{"line":51,"column":0},"end":{"line":51,"column":35}},"51":{"start":{"line":52,"column":0},"end":{"line":52,"column":7}},"52":{"start":{"line":53,"column":0},"end":{"line":53,"column":6}},"54":{"start":{"line":55,"column":0},"end":{"line":55,"column":23}},"55":{"start":{"line":56,"column":0},"end":{"line":56,"column":14}},"57":{"start":{"line":58,"column":0},"end":{"line":58,"column":37}},"58":{"start":{"line":59,"column":0},"end":{"line":59,"column":23}},"60":{"start":{"line":61,"column":0},"end":{"line":61,"column":24}},"63":{"start":{"line":64,"column":0},"end":{"line":64,"column":37}},"64":{"start":{"line":65,"column":0},"end":{"line":65,"column":17}},"65":{"start":{"line":66,"column":0},"end":{"line":66,"column":25}},"66":{"start":{"line":67,"column":0},"end":{"line":67,"column":33}},"68":{"start":{"line":69,"column":0},"end":{"line":69,"column":9}},"69":{"start":{"line":70,"column":0},"end":{"line":70,"column":57}},"70":{"start":{"line":71,"column":0},"end":{"line":71,"column":30}},"71":{"start":{"line":72,"column":0},"end":{"line":72,"column":36}},"72":{"start":{"line":73,"column":0},"end":{"line":73,"column":24}},"73":{"start":{"line":74,"column":0},"end":{"line":74,"column":9}},"75":{"start":{"line":76,"column":0},"end":{"line":76,"column":67}},"76":{"start":{"line":77,"column":0},"end":{"line":77,"column":157}},"77":{"start":{"line":78,"column":0},"end":{"line":78,"column":26}},"78":{"start":{"line":79,"column":0},"end":{"line":79,"column":61}},"79":{"start":{"line":80,"column":0},"end":{"line":80,"column":66}},"80":{"start":{"line":81,"column":0},"end":{"line":81,"column":15}},"81":{"start":{"line":82,"column":0},"end":{"line":82,"column":27}},"82":{"start":{"line":83,"column":0},"end":{"line":83,"column":5}},"83":{"start":{"line":84,"column":0},"end":{"line":84,"column":4}},"85":{"start":{"line":86,"column":0},"end":{"line":86,"column":88}},"87":{"start":{"line":88,"column":0},"end":{"line":88,"column":10}},"88":{"start":{"line":89,"column":0},"end":{"line":89,"column":31}},"89":{"start":{"line":90,"column":0},"end":{"line":90,"column":62}},"90":{"start":{"line":91,"column":0},"end":{"line":91,"column":13}},"91":{"start":{"line":92,"column":0},"end":{"line":92,"column":79}},"92":{"start":{"line":93,"column":0},"end":{"line":93,"column":107}},"93":{"start":{"line":94,"column":0},"end":{"line":94,"column":14}},"94":{"start":{"line":95,"column":0},"end":{"line":95,"column":12}},"96":{"start":{"line":97,"column":0},"end":{"line":97,"column":90}},"97":{"start":{"line":98,"column":0},"end":{"line":98,"column":12}},"98":{"start":{"line":99,"column":0},"end":{"line":99,"column":114}},"99":{"start":{"line":100,"column":0},"end":{"line":100,"column":52}},"101":{"start":{"line":102,"column":0},"end":{"line":102,"column":51}},"102":{"start":{"line":103,"column":0},"end":{"line":103,"column":66}},"103":{"start":{"line":104,"column":0},"end":{"line":104,"column":17}},"104":{"start":{"line":105,"column":0},"end":{"line":105,"column":72}},"105":{"start":{"line":106,"column":0},"end":{"line":106,"column":52}},"106":{"start":{"line":107,"column":0},"end":{"line":107,"column":35}},"107":{"start":{"line":108,"column":0},"end":{"line":108,"column":57}},"108":{"start":{"line":109,"column":0},"end":{"line":109,"column":45}},"109":{"start":{"line":110,"column":0},"end":{"line":110,"column":18}},"110":{"start":{"line":111,"column":0},"end":{"line":111,"column":18}},"111":{"start":{"line":112,"column":0},"end":{"line":112,"column":16}},"112":{"start":{"line":113,"column":0},"end":{"line":113,"column":51}},"113":{"start":{"line":114,"column":0},"end":{"line":114,"column":19}},"114":{"start":{"line":115,"column":0},"end":{"line":115,"column":31}},"115":{"start":{"line":116,"column":0},"end":{"line":116,"column":36}},"116":{"start":{"line":117,"column":0},"end":{"line":117,"column":32}},"117":{"start":{"line":118,"column":0},"end":{"line":118,"column":16}},"118":{"start":{"line":119,"column":0},"end":{"line":119,"column":79}},"119":{"start":{"line":120,"column":0},"end":{"line":120,"column":201}},"121":{"start":{"line":122,"column":0},"end":{"line":122,"column":29}},"122":{"start":{"line":123,"column":0},"end":{"line":123,"column":34}},"124":{"start":{"line":125,"column":0},"end":{"line":125,"column":18}},"125":{"start":{"line":126,"column":0},"end":{"line":126,"column":30}},"127":{"start":{"line":128,"column":0},"end":{"line":128,"column":19}},"129":{"start":{"line":130,"column":0},"end":{"line":130,"column":21}},"130":{"start":{"line":131,"column":0},"end":{"line":131,"column":86}},"131":{"start":{"line":132,"column":0},"end":{"line":132,"column":33}},"132":{"start":{"line":133,"column":0},"end":{"line":133,"column":18}},"133":{"start":{"line":134,"column":0},"end":{"line":134,"column":16}},"134":{"start":{"line":135,"column":0},"end":{"line":135,"column":14}},"136":{"start":{"line":137,"column":0},"end":{"line":137,"column":24}},"137":{"start":{"line":138,"column":0},"end":{"line":138,"column":67}},"139":{"start":{"line":140,"column":0},"end":{"line":140,"column":17}},"140":{"start":{"line":141,"column":0},"end":{"line":141,"column":91}},"142":{"start":{"line":143,"column":0},"end":{"line":143,"column":22}},"143":{"start":{"line":144,"column":0},"end":{"line":144,"column":37}},"144":{"start":{"line":145,"column":0},"end":{"line":145,"column":72}},"146":{"start":{"line":147,"column":0},"end":{"line":147,"column":22}},"147":{"start":{"line":148,"column":0},"end":{"line":148,"column":29}},"148":{"start":{"line":149,"column":0},"end":{"line":149,"column":39}},"149":{"start":{"line":150,"column":0},"end":{"line":150,"column":68}},"150":{"start":{"line":151,"column":0},"end":{"line":151,"column":54}},"151":{"start":{"line":152,"column":0},"end":{"line":152,"column":56}},"152":{"start":{"line":153,"column":0},"end":{"line":153,"column":160}},"153":{"start":{"line":154,"column":0},"end":{"line":154,"column":60}},"154":{"start":{"line":155,"column":0},"end":{"line":155,"column":18}},"156":{"start":{"line":157,"column":0},"end":{"line":157,"column":57}},"158":{"start":{"line":159,"column":0},"end":{"line":159,"column":18}},"159":{"start":{"line":160,"column":0},"end":{"line":160,"column":18}},"160":{"start":{"line":161,"column":0},"end":{"line":161,"column":16}},"162":{"start":{"line":163,"column":0},"end":{"line":163,"column":12}},"163":{"start":{"line":164,"column":0},"end":{"line":164,"column":10}},"165":{"start":{"line":166,"column":0},"end":{"line":166,"column":2}}},"s":{"0":1,"1":1,"2":1,"3":1,"5":1,"6":52,"9":1,"10":48,"18":1,"19":52,"20":52,"21":52,"22":52,"24":1,"25":52,"26":52,"27":52,"28":52,"31":52,"32":17,"34":14,"35":14,"36":14,"39":14,"40":14,"43":14,"44":14,"45":14,"46":14,"47":1,"49":14,"50":13,"51":13,"52":14,"54":14,"55":52,"57":52,"58":4,"60":4,"63":4,"64":4,"65":4,"66":4,"68":4,"69":4,"70":4,"71":4,"72":4,"73":4,"75":2,"76":2,"77":4,"78":1,"79":1,"80":4,"81":3,"82":3,"83":4,"85":52,"87":52,"88":52,"89":52,"90":52,"91":52,"92":52,"93":52,"94":52,"96":52,"97":52,"98":52,"99":52,"101":52,"102":52,"103":52,"104":52,"105":52,"106":52,"107":35,"108":17,"109":52,"110":52,"111":52,"112":52,"113":52,"114":52,"115":4,"116":4,"117":4,"118":52,"119":52,"121":52,"122":4,"124":48,"125":48,"127":48,"129":52,"130":52,"131":52,"132":52,"133":52,"134":52,"136":52,"137":51,"139":51,"140":51,"142":51,"143":51,"144":17,"146":34,"147":34,"148":34,"149":34,"150":34,"151":34,"152":34,"153":34,"154":34,"156":51,"158":51,"159":51,"160":51,"162":52,"163":52,"165":52},"branchMap":{"0":{"type":"branch","line":6,"loc":{"start":{"line":6,"column":24},"end":{"line":7,"column":221}},"locations":[{"start":{"line":6,"column":24},"end":{"line":7,"column":221}}]},"1":{"type":"branch","line":10,"loc":{"start":{"line":10,"column":17},"end":{"line":11,"column":224}},"locations":[{"start":{"line":10,"column":17},"end":{"line":11,"column":224}}]},"2":{"type":"branch","line":19,"loc":{"start":{"line":19,"column":33},"end":{"line":23,"column":2}},"locations":[{"start":{"line":19,"column":33},"end":{"line":23,"column":2}}]},"3":{"type":"branch","line":25,"loc":{"start":{"line":25,"column":61},"end":{"line":166,"column":2}},"locations":[{"start":{"line":25,"column":61},"end":{"line":166,"column":2}}]},"4":{"type":"branch","line":107,"loc":{"start":{"line":107,"column":17},"end":{"line":108,"column":57}},"locations":[{"start":{"line":107,"column":17},"end":{"line":108,"column":57}}]},"5":{"type":"branch","line":108,"loc":{"start":{"line":108,"column":35},"end":{"line":109,"column":45}},"locations":[{"start":{"line":108,"column":35},"end":{"line":109,"column":45}}]},"6":{"type":"branch","line":119,"loc":{"start":{"line":119,"column":41},"end":{"line":119,"column":60}},"locations":[{"start":{"line":119,"column":41},"end":{"line":119,"column":60}}]},"7":{"type":"branch","line":119,"loc":{"start":{"line":119,"column":46},"end":{"line":119,"column":79}},"locations":[{"start":{"line":119,"column":46},"end":{"line":119,"column":79}}]},"8":{"type":"branch","line":122,"loc":{"start":{"line":122,"column":15},"end":{"line":123,"column":34}},"locations":[{"start":{"line":122,"column":15},"end":{"line":123,"column":34}}]},"9":{"type":"branch","line":123,"loc":{"start":{"line":123,"column":31},"end":{"line":128,"column":19}},"locations":[{"start":{"line":123,"column":31},"end":{"line":128,"column":19}}]},"10":{"type":"branch","line":131,"loc":{"start":{"line":131,"column":52},"end":{"line":131,"column":80}},"locations":[{"start":{"line":131,"column":52},"end":{"line":131,"column":80}}]},"11":{"type":"branch","line":131,"loc":{"start":{"line":131,"column":65},"end":{"line":131,"column":82}},"locations":[{"start":{"line":131,"column":65},"end":{"line":131,"column":82}}]},"12":{"type":"branch","line":137,"loc":{"start":{"line":137,"column":9},"end":{"line":161,"column":16}},"locations":[{"start":{"line":137,"column":9},"end":{"line":161,"column":16}}]},"13":{"type":"branch","line":144,"loc":{"start":{"line":144,"column":16},"end":{"line":145,"column":72}},"locations":[{"start":{"line":144,"column":16},"end":{"line":145,"column":72}}]},"14":{"type":"branch","line":145,"loc":{"start":{"line":145,"column":66},"end":{"line":155,"column":18}},"locations":[{"start":{"line":145,"column":66},"end":{"line":155,"column":18}}]},"15":{"type":"branch","line":32,"loc":{"start":{"line":32,"column":12},"end":{"line":56,"column":5}},"locations":[{"start":{"line":32,"column":12},"end":{"line":56,"column":5}}]},"16":{"type":"branch","line":33,"loc":{"start":{"line":33,"column":16},"end":{"line":33,"column":23}},"locations":[{"start":{"line":33,"column":16},"end":{"line":33,"column":23}}]},"17":{"type":"branch","line":33,"loc":{"start":{"line":33,"column":16},"end":{"line":55,"column":23}},"locations":[{"start":{"line":33,"column":16},"end":{"line":55,"column":23}}]},"18":{"type":"branch","line":35,"loc":{"start":{"line":35,"column":29},"end":{"line":53,"column":6}},"locations":[{"start":{"line":35,"column":29},"end":{"line":53,"column":6}}]},"19":{"type":"branch","line":37,"loc":{"start":{"line":37,"column":49},"end":{"line":40,"column":64}},"locations":[{"start":{"line":37,"column":49},"end":{"line":40,"column":64}}]},"20":{"type":"branch","line":40,"loc":{"start":{"line":40,"column":52},"end":{"line":40,"column":99}},"locations":[{"start":{"line":40,"column":52},"end":{"line":40,"column":99}}]},"21":{"type":"branch","line":41,"loc":{"start":{"line":41,"column":33},"end":{"line":41,"column":64}},"locations":[{"start":{"line":41,"column":33},"end":{"line":41,"column":64}}]},"22":{"type":"branch","line":41,"loc":{"start":{"line":41,"column":52},"end":{"line":41,"column":99}},"locations":[{"start":{"line":41,"column":52},"end":{"line":41,"column":99}}]},"23":{"type":"branch","line":47,"loc":{"start":{"line":47,"column":6},"end":{"line":50,"column":8}},"locations":[{"start":{"line":47,"column":6},"end":{"line":50,"column":8}}]},"24":{"type":"branch","line":50,"loc":{"start":{"line":50,"column":6},"end":{"line":52,"column":7}},"locations":[{"start":{"line":50,"column":6},"end":{"line":52,"column":7}}]},"25":{"type":"branch","line":58,"loc":{"start":{"line":58,"column":24},"end":{"line":84,"column":4}},"locations":[{"start":{"line":58,"column":24},"end":{"line":84,"column":4}}]},"26":{"type":"branch","line":59,"loc":{"start":{"line":59,"column":16},"end":{"line":59,"column":23}},"locations":[{"start":{"line":59,"column":16},"end":{"line":59,"column":23}}]},"27":{"type":"branch","line":74,"loc":{"start":{"line":74,"column":7},"end":{"line":78,"column":13}},"locations":[{"start":{"line":74,"column":7},"end":{"line":78,"column":13}}]},"28":{"type":"branch","line":78,"loc":{"start":{"line":78,"column":4},"end":{"line":81,"column":6}},"locations":[{"start":{"line":78,"column":4},"end":{"line":81,"column":6}}]},"29":{"type":"branch","line":81,"loc":{"start":{"line":81,"column":4},"end":{"line":83,"column":5}},"locations":[{"start":{"line":81,"column":4},"end":{"line":83,"column":5}}]},"30":{"type":"branch","line":66,"loc":{"start":{"line":66,"column":11},"end":{"line":66,"column":24}},"locations":[{"start":{"line":66,"column":11},"end":{"line":66,"column":24}}]},"31":{"type":"branch","line":67,"loc":{"start":{"line":67,"column":14},"end":{"line":67,"column":31}},"locations":[{"start":{"line":67,"column":14},"end":{"line":67,"column":31}}]},"32":{"type":"branch","line":86,"loc":{"start":{"line":86,"column":55},"end":{"line":86,"column":79}},"locations":[{"start":{"line":86,"column":55},"end":{"line":86,"column":79}}]},"33":{"type":"branch","line":100,"loc":{"start":{"line":100,"column":19},"end":{"line":100,"column":52}},"locations":[{"start":{"line":100,"column":19},"end":{"line":100,"column":52}}]},"34":{"type":"branch","line":115,"loc":{"start":{"line":115,"column":23},"end":{"line":118,"column":16}},"locations":[{"start":{"line":115,"column":23},"end":{"line":118,"column":16}}]},"35":{"type":"branch","line":150,"loc":{"start":{"line":150,"column":28},"end":{"line":150,"column":68}},"locations":[{"start":{"line":150,"column":28},"end":{"line":150,"column":68}}]},"36":{"type":"branch","line":151,"loc":{"start":{"line":151,"column":27},"end":{"line":151,"column":54}},"locations":[{"start":{"line":151,"column":27},"end":{"line":151,"column":54}}]},"37":{"type":"branch","line":152,"loc":{"start":{"line":152,"column":29},"end":{"line":152,"column":56}},"locations":[{"start":{"line":152,"column":29},"end":{"line":152,"column":56}}]}},"b":{"0":[52],"1":[48],"2":[52],"3":[52],"4":[35],"5":[17],"6":[50],"7":[46],"8":[4],"9":[48],"10":[51],"11":[1],"12":[51],"13":[17],"14":[34],"15":[17],"16":[3],"17":[14],"18":[14],"19":[12],"20":[0],"21":[12],"22":[0],"23":[1],"24":[13],"25":[4],"26":[0],"27":[2],"28":[1],"29":[3],"30":[12],"31":[12],"32":[135],"33":[1],"34":[4],"35":[15],"36":[1],"37":[13]},"fnMap":{"0":{"name":"ChevronDownIcon","decl":{"start":{"line":6,"column":24},"end":{"line":7,"column":221}},"loc":{"start":{"line":6,"column":24},"end":{"line":7,"column":221}},"line":6},"1":{"name":"PlayIcon","decl":{"start":{"line":10,"column":17},"end":{"line":11,"column":224}},"loc":{"start":{"line":10,"column":17},"end":{"line":11,"column":224}},"line":10},"2":{"name":"getDefaultMergedKeywords","decl":{"start":{"line":19,"column":33},"end":{"line":23,"column":2}},"loc":{"start":{"line":19,"column":33},"end":{"line":23,"column":2}},"line":19},"3":{"name":"FetcherTrigger","decl":{"start":{"line":25,"column":61},"end":{"line":166,"column":2}},"loc":{"start":{"line":25,"column":61},"end":{"line":166,"column":2}},"line":25},"4":{"name":"loadUserKeywords","decl":{"start":{"line":35,"column":29},"end":{"line":53,"column":6}},"loc":{"start":{"line":35,"column":29},"end":{"line":53,"column":6}},"line":35},"5":{"name":"handleTrigger","decl":{"start":{"line":58,"column":24},"end":{"line":84,"column":4}},"loc":{"start":{"line":58,"column":24},"end":{"line":84,"column":4}},"line":58},"6":{"name":"onClick","decl":{"start":{"line":100,"column":19},"end":{"line":100,"column":52}},"loc":{"start":{"line":100,"column":19},"end":{"line":100,"column":52}},"line":100},"7":{"name":"onClick","decl":{"start":{"line":115,"column":23},"end":{"line":118,"column":16}},"loc":{"start":{"line":115,"column":23},"end":{"line":118,"column":16}},"line":115},"8":{"name":"onChange","decl":{"start":{"line":150,"column":28},"end":{"line":150,"column":68}},"loc":{"start":{"line":150,"column":28},"end":{"line":150,"column":68}},"line":150},"9":{"name":"onClick","decl":{"start":{"line":151,"column":27},"end":{"line":151,"column":54}},"loc":{"start":{"line":151,"column":27},"end":{"line":151,"column":54}},"line":151},"10":{"name":"onKeyDown","decl":{"start":{"line":152,"column":29},"end":{"line":152,"column":56}},"loc":{"start":{"line":152,"column":29},"end":{"line":152,"column":56}},"line":152}},"f":{"0":52,"1":48,"2":52,"3":52,"4":14,"5":4,"6":1,"7":4,"8":15,"9":1,"10":13}}
,"C:\\Users\\oktay\\Documents\\aisports-ui\\components\\ScraperTrigger.tsx": {"path":"C:\\Users\\oktay\\Documents\\aisports-ui\\components\\ScraperTrigger.tsx","all":false,"statementMap":{"0":{"start":{"line":1,"column":0},"end":{"line":1,"column":72}},"1":{"start":{"line":2,"column":0},"end":{"line":2,"column":80}},"2":{"start":{"line":3,"column":0},"end":{"line":3,"column":150}},"3":{"start":{"line":4,"column":0},"end":{"line":4,"column":52}},"5":{"start":{"line":6,"column":0},"end":{"line":6,"column":31}},"6":{"start":{"line":7,"column":0},"end":{"line":7,"column":221}},"9":{"start":{"line":10,"column":0},"end":{"line":10,"column":24}},"10":{"start":{"line":11,"column":0},"end":{"line":11,"column":224}},"13":{"start":{"line":14,"column":0},"end":{"line":14,"column":24}},"14":{"start":{"line":15,"column":0},"end":{"line":15,"column":226}},"17":{"start":{"line":18,"column":0},"end":{"line":18,"column":25}},"18":{"start":{"line":19,"column":0},"end":{"line":19,"column":300}},"36":{"start":{"line":37,"column":0},"end":{"line":37,"column":50}},"37":{"start":{"line":38,"column":0},"end":{"line":38,"column":9}},"38":{"start":{"line":39,"column":0},"end":{"line":39,"column":9}},"39":{"start":{"line":40,"column":0},"end":{"line":40,"column":13}},"40":{"start":{"line":41,"column":0},"end":{"line":41,"column":13}},"41":{"start":{"line":42,"column":0},"end":{"line":42,"column":16}},"42":{"start":{"line":43,"column":0},"end":{"line":43,"column":17}},"43":{"start":{"line":44,"column":0},"end":{"line":44,"column":12}},"44":{"start":{"line":45,"column":0},"end":{"line":45,"column":17}},"45":{"start":{"line":46,"column":0},"end":{"line":46,"column":19}},"46":{"start":{"line":47,"column":0},"end":{"line":47,"column":22}},"47":{"start":{"line":48,"column":0},"end":{"line":48,"column":14}},"48":{"start":{"line":49,"column":0},"end":{"line":49,"column":17}},"49":{"start":{"line":50,"column":0},"end":{"line":50,"column":7}},"50":{"start":{"line":51,"column":0},"end":{"line":51,"column":56}},"51":{"start":{"line":52,"column":0},"end":{"line":52,"column":57}},"52":{"start":{"line":53,"column":0},"end":{"line":53,"column":55}},"53":{"start":{"line":54,"column":0},"end":{"line":54,"column":68}},"55":{"start":{"line":56,"column":0},"end":{"line":56,"column":33}},"56":{"start":{"line":57,"column":0},"end":{"line":57,"column":54}},"57":{"start":{"line":58,"column":0},"end":{"line":58,"column":61}},"58":{"start":{"line":59,"column":0},"end":{"line":59,"column":27}},"59":{"start":{"line":60,"column":0},"end":{"line":60,"column":26}},"60":{"start":{"line":61,"column":0},"end":{"line":61,"column":28}},"61":{"start":{"line":62,"column":0},"end":{"line":62,"column":5}},"62":{"start":{"line":63,"column":0},"end":{"line":63,"column":4}},"64":{"start":{"line":65,"column":0},"end":{"line":65,"column":10}},"65":{"start":{"line":66,"column":0},"end":{"line":66,"column":88}},"66":{"start":{"line":67,"column":0},"end":{"line":67,"column":10}},"67":{"start":{"line":68,"column":0},"end":{"line":68,"column":112}},"68":{"start":{"line":69,"column":0},"end":{"line":69,"column":32}},"70":{"start":{"line":71,"column":0},"end":{"line":71,"column":49}},"71":{"start":{"line":72,"column":0},"end":{"line":72,"column":105}},"72":{"start":{"line":73,"column":0},"end":{"line":73,"column":15}},"73":{"start":{"line":74,"column":0},"end":{"line":74,"column":67}},"74":{"start":{"line":75,"column":0},"end":{"line":75,"column":108}},"75":{"start":{"line":76,"column":0},"end":{"line":76,"column":16}},"76":{"start":{"line":77,"column":0},"end":{"line":77,"column":14}},"77":{"start":{"line":78,"column":0},"end":{"line":78,"column":49}},"78":{"start":{"line":79,"column":0},"end":{"line":79,"column":17}},"79":{"start":{"line":80,"column":0},"end":{"line":80,"column":29}},"80":{"start":{"line":81,"column":0},"end":{"line":81,"column":34}},"81":{"start":{"line":82,"column":0},"end":{"line":82,"column":26}},"82":{"start":{"line":83,"column":0},"end":{"line":83,"column":14}},"83":{"start":{"line":84,"column":0},"end":{"line":84,"column":55}},"84":{"start":{"line":85,"column":0},"end":{"line":85,"column":197}},"86":{"start":{"line":87,"column":0},"end":{"line":87,"column":27}},"87":{"start":{"line":88,"column":0},"end":{"line":88,"column":32}},"89":{"start":{"line":90,"column":0},"end":{"line":90,"column":16}},"90":{"start":{"line":91,"column":0},"end":{"line":91,"column":28}},"92":{"start":{"line":93,"column":0},"end":{"line":93,"column":17}},"94":{"start":{"line":95,"column":0},"end":{"line":95,"column":19}},"95":{"start":{"line":96,"column":0},"end":{"line":96,"column":84}},"96":{"start":{"line":97,"column":0},"end":{"line":97,"column":31}},"97":{"start":{"line":98,"column":0},"end":{"line":98,"column":16}},"98":{"start":{"line":99,"column":0},"end":{"line":99,"column":14}},"99":{"start":{"line":100,"column":0},"end":{"line":100,"column":12}},"101":{"start":{"line":102,"column":0},"end":{"line":102,"column":22}},"102":{"start":{"line":103,"column":0},"end":{"line":103,"column":81}},"104":{"start":{"line":105,"column":0},"end":{"line":105,"column":15}},"105":{"start":{"line":106,"column":0},"end":{"line":106,"column":89}},"107":{"start":{"line":108,"column":0},"end":{"line":108,"column":20}},"108":{"start":{"line":109,"column":0},"end":{"line":109,"column":18}},"109":{"start":{"line":110,"column":0},"end":{"line":110,"column":25}},"110":{"start":{"line":111,"column":0},"end":{"line":111,"column":35}},"111":{"start":{"line":112,"column":0},"end":{"line":112,"column":64}},"112":{"start":{"line":113,"column":0},"end":{"line":113,"column":50}},"113":{"start":{"line":114,"column":0},"end":{"line":114,"column":52}},"114":{"start":{"line":115,"column":0},"end":{"line":115,"column":154}},"115":{"start":{"line":116,"column":0},"end":{"line":116,"column":56}},"116":{"start":{"line":117,"column":0},"end":{"line":117,"column":14}},"117":{"start":{"line":118,"column":0},"end":{"line":118,"column":16}},"120":{"start":{"line":121,"column":0},"end":{"line":121,"column":15}},"121":{"start":{"line":122,"column":0},"end":{"line":122,"column":68}},"122":{"start":{"line":123,"column":0},"end":{"line":123,"column":86}},"124":{"start":{"line":125,"column":0},"end":{"line":125,"column":22}},"125":{"start":{"line":126,"column":0},"end":{"line":126,"column":21}},"126":{"start":{"line":127,"column":0},"end":{"line":127,"column":33}},"127":{"start":{"line":128,"column":0},"end":{"line":128,"column":38}},"128":{"start":{"line":129,"column":0},"end":{"line":129,"column":47}},"129":{"start":{"line":130,"column":0},"end":{"line":130,"column":18}},"130":{"start":{"line":131,"column":0},"end":{"line":131,"column":159}},"132":{"start":{"line":133,"column":0},"end":{"line":133,"column":28}},"134":{"start":{"line":135,"column":0},"end":{"line":135,"column":23}},"135":{"start":{"line":136,"column":0},"end":{"line":136,"column":18}},"138":{"start":{"line":139,"column":0},"end":{"line":139,"column":29}},"139":{"start":{"line":140,"column":0},"end":{"line":140,"column":98}},"140":{"start":{"line":141,"column":0},"end":{"line":141,"column":22}},"141":{"start":{"line":142,"column":0},"end":{"line":142,"column":29}},"142":{"start":{"line":143,"column":0},"end":{"line":143,"column":39}},"143":{"start":{"line":144,"column":0},"end":{"line":144,"column":68}},"144":{"start":{"line":145,"column":0},"end":{"line":145,"column":54}},"145":{"start":{"line":146,"column":0},"end":{"line":146,"column":56}},"146":{"start":{"line":147,"column":0},"end":{"line":147,"column":56}},"147":{"start":{"line":148,"column":0},"end":{"line":148,"column":158}},"148":{"start":{"line":149,"column":0},"end":{"line":149,"column":18}},"149":{"start":{"line":150,"column":0},"end":{"line":150,"column":22}},"150":{"start":{"line":151,"column":0},"end":{"line":151,"column":29}},"151":{"start":{"line":152,"column":0},"end":{"line":152,"column":38}},"152":{"start":{"line":153,"column":0},"end":{"line":153,"column":67}},"153":{"start":{"line":154,"column":0},"end":{"line":154,"column":54}},"154":{"start":{"line":155,"column":0},"end":{"line":155,"column":56}},"155":{"start":{"line":156,"column":0},"end":{"line":156,"column":65}},"156":{"start":{"line":157,"column":0},"end":{"line":157,"column":158}},"157":{"start":{"line":158,"column":0},"end":{"line":158,"column":18}},"158":{"start":{"line":159,"column":0},"end":{"line":159,"column":44}},"159":{"start":{"line":160,"column":0},"end":{"line":160,"column":25}},"160":{"start":{"line":161,"column":0},"end":{"line":161,"column":37}},"161":{"start":{"line":162,"column":0},"end":{"line":162,"column":42}},"162":{"start":{"line":163,"column":0},"end":{"line":163,"column":40}},"163":{"start":{"line":164,"column":0},"end":{"line":164,"column":22}},"164":{"start":{"line":165,"column":0},"end":{"line":165,"column":76}},"165":{"start":{"line":166,"column":0},"end":{"line":166,"column":178}},"166":{"start":{"line":167,"column":0},"end":{"line":167,"column":19}},"168":{"start":{"line":169,"column":0},"end":{"line":169,"column":27}},"169":{"start":{"line":170,"column":0},"end":{"line":170,"column":25}},"170":{"start":{"line":171,"column":0},"end":{"line":171,"column":37}},"171":{"start":{"line":172,"column":0},"end":{"line":172,"column":42}},"172":{"start":{"line":173,"column":0},"end":{"line":173,"column":44}},"173":{"start":{"line":174,"column":0},"end":{"line":174,"column":43}},"174":{"start":{"line":175,"column":0},"end":{"line":175,"column":42}},"175":{"start":{"line":176,"column":0},"end":{"line":176,"column":22}},"176":{"start":{"line":177,"column":0},"end":{"line":177,"column":134}},"177":{"start":{"line":178,"column":0},"end":{"line":178,"column":19}},"179":{"start":{"line":180,"column":0},"end":{"line":180,"column":27}},"180":{"start":{"line":181,"column":0},"end":{"line":181,"column":22}},"181":{"start":{"line":182,"column":0},"end":{"line":182,"column":20}},"184":{"start":{"line":185,"column":0},"end":{"line":185,"column":67}},"185":{"start":{"line":186,"column":0},"end":{"line":186,"column":47}},"186":{"start":{"line":187,"column":0},"end":{"line":187,"column":20}},"187":{"start":{"line":188,"column":0},"end":{"line":188,"column":33}},"188":{"start":{"line":189,"column":0},"end":{"line":189,"column":96}},"189":{"start":{"line":190,"column":0},"end":{"line":190,"column":34}},"190":{"start":{"line":191,"column":0},"end":{"line":191,"column":78}},"191":{"start":{"line":192,"column":0},"end":{"line":192,"column":86}},"192":{"start":{"line":193,"column":0},"end":{"line":193,"column":21}},"194":{"start":{"line":195,"column":0},"end":{"line":195,"column":24}},"195":{"start":{"line":196,"column":0},"end":{"line":196,"column":35}},"196":{"start":{"line":197,"column":0},"end":{"line":197,"column":44}},"197":{"start":{"line":198,"column":0},"end":{"line":198,"column":62}},"198":{"start":{"line":199,"column":0},"end":{"line":199,"column":56}},"199":{"start":{"line":200,"column":0},"end":{"line":200,"column":78}},"200":{"start":{"line":201,"column":0},"end":{"line":201,"column":20}},"201":{"start":{"line":202,"column":0},"end":{"line":202,"column":23}},"202":{"start":{"line":203,"column":0},"end":{"line":203,"column":61}},"203":{"start":{"line":204,"column":0},"end":{"line":204,"column":61}},"205":{"start":{"line":206,"column":0},"end":{"line":206,"column":92}},"206":{"start":{"line":207,"column":0},"end":{"line":207,"column":83}},"207":{"start":{"line":208,"column":0},"end":{"line":208,"column":24}},"208":{"start":{"line":209,"column":0},"end":{"line":209,"column":25}},"209":{"start":{"line":210,"column":0},"end":{"line":210,"column":37}},"210":{"start":{"line":211,"column":0},"end":{"line":211,"column":42}},"211":{"start":{"line":212,"column":0},"end":{"line":212,"column":64}},"212":{"start":{"line":213,"column":0},"end":{"line":213,"column":50}},"213":{"start":{"line":214,"column":0},"end":{"line":214,"column":23}},"214":{"start":{"line":215,"column":0},"end":{"line":215,"column":22}},"215":{"start":{"line":216,"column":0},"end":{"line":216,"column":117}},"216":{"start":{"line":217,"column":0},"end":{"line":217,"column":41}},"218":{"start":{"line":219,"column":0},"end":{"line":219,"column":33}},"219":{"start":{"line":220,"column":0},"end":{"line":220,"column":27}},"220":{"start":{"line":221,"column":0},"end":{"line":221,"column":22}},"221":{"start":{"line":222,"column":0},"end":{"line":222,"column":17}},"222":{"start":{"line":223,"column":0},"end":{"line":223,"column":18}},"223":{"start":{"line":224,"column":0},"end":{"line":224,"column":16}},"226":{"start":{"line":227,"column":0},"end":{"line":227,"column":15}},"227":{"start":{"line":228,"column":0},"end":{"line":228,"column":89}},"229":{"start":{"line":230,"column":0},"end":{"line":230,"column":20}},"230":{"start":{"line":231,"column":0},"end":{"line":231,"column":19}},"231":{"start":{"line":232,"column":0},"end":{"line":232,"column":40}},"232":{"start":{"line":233,"column":0},"end":{"line":233,"column":77}},"233":{"start":{"line":234,"column":0},"end":{"line":234,"column":143}},"235":{"start":{"line":236,"column":0},"end":{"line":236,"column":49}},"236":{"start":{"line":237,"column":0},"end":{"line":237,"column":53}},"237":{"start":{"line":238,"column":0},"end":{"line":238,"column":49}},"238":{"start":{"line":239,"column":0},"end":{"line":239,"column":21}},"239":{"start":{"line":240,"column":0},"end":{"line":240,"column":16}},"240":{"start":{"line":241,"column":0},"end":{"line":241,"column":14}},"242":{"start":{"line":243,"column":0},"end":{"line":243,"column":10}},"244":{"start":{"line":245,"column":0},"end":{"line":245,"column":2}},"246":{"start":{"line":247,"column":0},"end":{"line":247,"column":76}},"247":{"start":{"line":248,"column":0},"end":{"line":248,"column":70}},"248":{"start":{"line":249,"column":0},"end":{"line":249,"column":70}},"249":{"start":{"line":250,"column":0},"end":{"line":250,"column":81}},"250":{"start":{"line":251,"column":0},"end":{"line":251,"column":73}},"251":{"start":{"line":252,"column":0},"end":{"line":252,"column":104}},"252":{"start":{"line":253,"column":0},"end":{"line":253,"column":104}},"253":{"start":{"line":254,"column":0},"end":{"line":254,"column":68}},"256":{"start":{"line":257,"column":0},"end":{"line":257,"column":44}},"259":{"start":{"line":260,"column":0},"end":{"line":260,"column":19}},"260":{"start":{"line":261,"column":0},"end":{"line":261,"column":23}},"262":{"start":{"line":263,"column":0},"end":{"line":263,"column":45}},"263":{"start":{"line":264,"column":0},"end":{"line":264,"column":49}},"264":{"start":{"line":265,"column":0},"end":{"line":265,"column":32}},"266":{"start":{"line":267,"column":0},"end":{"line":267,"column":37}},"267":{"start":{"line":268,"column":0},"end":{"line":268,"column":46}},"268":{"start":{"line":269,"column":0},"end":{"line":269,"column":73}},"269":{"start":{"line":270,"column":0},"end":{"line":270,"column":9}},"270":{"start":{"line":271,"column":0},"end":{"line":271,"column":37}},"271":{"start":{"line":272,"column":0},"end":{"line":272,"column":46}},"272":{"start":{"line":273,"column":0},"end":{"line":273,"column":73}},"273":{"start":{"line":274,"column":0},"end":{"line":274,"column":9}},"274":{"start":{"line":275,"column":0},"end":{"line":275,"column":77}},"275":{"start":{"line":276,"column":0},"end":{"line":276,"column":7}},"276":{"start":{"line":277,"column":0},"end":{"line":277,"column":33}},"278":{"start":{"line":279,"column":0},"end":{"line":279,"column":24}},"279":{"start":{"line":280,"column":0},"end":{"line":280,"column":43}},"280":{"start":{"line":281,"column":0},"end":{"line":281,"column":14}},"281":{"start":{"line":282,"column":0},"end":{"line":282,"column":6}},"283":{"start":{"line":284,"column":0},"end":{"line":284,"column":26}},"284":{"start":{"line":285,"column":0},"end":{"line":285,"column":14}},"287":{"start":{"line":288,"column":0},"end":{"line":288,"column":19}},"288":{"start":{"line":289,"column":0},"end":{"line":289,"column":55}},"290":{"start":{"line":291,"column":0},"end":{"line":291,"column":46}},"291":{"start":{"line":292,"column":0},"end":{"line":292,"column":19}},"292":{"start":{"line":293,"column":0},"end":{"line":293,"column":19}},"293":{"start":{"line":294,"column":0},"end":{"line":294,"column":6}},"295":{"start":{"line":296,"column":0},"end":{"line":296,"column":53}},"296":{"start":{"line":297,"column":0},"end":{"line":297,"column":34}},"298":{"start":{"line":299,"column":0},"end":{"line":299,"column":56}},"299":{"start":{"line":300,"column":0},"end":{"line":300,"column":23}},"301":{"start":{"line":302,"column":0},"end":{"line":302,"column":26}},"303":{"start":{"line":304,"column":0},"end":{"line":304,"column":57}},"304":{"start":{"line":305,"column":0},"end":{"line":305,"column":65}},"306":{"start":{"line":307,"column":0},"end":{"line":307,"column":9}},"307":{"start":{"line":308,"column":0},"end":{"line":308,"column":57}},"308":{"start":{"line":309,"column":0},"end":{"line":309,"column":34}},"309":{"start":{"line":310,"column":0},"end":{"line":310,"column":45}},"310":{"start":{"line":311,"column":0},"end":{"line":311,"column":15}},"311":{"start":{"line":312,"column":0},"end":{"line":312,"column":41}},"312":{"start":{"line":313,"column":0},"end":{"line":313,"column":23}},"313":{"start":{"line":314,"column":0},"end":{"line":314,"column":9}},"315":{"start":{"line":316,"column":0},"end":{"line":316,"column":63}},"316":{"start":{"line":317,"column":0},"end":{"line":317,"column":173}},"317":{"start":{"line":318,"column":0},"end":{"line":318,"column":26}},"318":{"start":{"line":319,"column":0},"end":{"line":319,"column":57}},"319":{"start":{"line":320,"column":0},"end":{"line":320,"column":86}},"320":{"start":{"line":321,"column":0},"end":{"line":321,"column":15}},"321":{"start":{"line":322,"column":0},"end":{"line":322,"column":26}},"322":{"start":{"line":323,"column":0},"end":{"line":323,"column":5}},"323":{"start":{"line":324,"column":0},"end":{"line":324,"column":4}},"325":{"start":{"line":326,"column":0},"end":{"line":326,"column":67}},"326":{"start":{"line":327,"column":0},"end":{"line":327,"column":63}},"327":{"start":{"line":328,"column":0},"end":{"line":328,"column":57}},"329":{"start":{"line":330,"column":0},"end":{"line":330,"column":12}},"330":{"start":{"line":331,"column":0},"end":{"line":331,"column":16}},"331":{"start":{"line":332,"column":0},"end":{"line":332,"column":38}},"332":{"start":{"line":333,"column":0},"end":{"line":333,"column":61}},"333":{"start":{"line":334,"column":0},"end":{"line":334,"column":8}},"334":{"start":{"line":335,"column":0},"end":{"line":335,"column":7}},"335":{"start":{"line":336,"column":0},"end":{"line":336,"column":4}},"337":{"start":{"line":338,"column":0},"end":{"line":338,"column":66}},"339":{"start":{"line":340,"column":0},"end":{"line":340,"column":26}},"340":{"start":{"line":341,"column":0},"end":{"line":341,"column":32}},"341":{"start":{"line":342,"column":0},"end":{"line":342,"column":12}},"342":{"start":{"line":343,"column":0},"end":{"line":343,"column":32}},"343":{"start":{"line":344,"column":0},"end":{"line":344,"column":5}},"346":{"start":{"line":347,"column":0},"end":{"line":347,"column":63}},"347":{"start":{"line":348,"column":0},"end":{"line":348,"column":57}},"349":{"start":{"line":350,"column":0},"end":{"line":350,"column":12}},"350":{"start":{"line":351,"column":0},"end":{"line":351,"column":16}},"351":{"start":{"line":352,"column":0},"end":{"line":352,"column":68}},"352":{"start":{"line":353,"column":0},"end":{"line":353,"column":7}},"353":{"start":{"line":354,"column":0},"end":{"line":354,"column":4}},"355":{"start":{"line":356,"column":0},"end":{"line":356,"column":69}},"356":{"start":{"line":357,"column":0},"end":{"line":357,"column":63}},"357":{"start":{"line":358,"column":0},"end":{"line":358,"column":57}},"358":{"start":{"line":359,"column":0},"end":{"line":359,"column":46}},"359":{"start":{"line":360,"column":0},"end":{"line":360,"column":4}},"361":{"start":{"line":362,"column":0},"end":{"line":362,"column":73}},"362":{"start":{"line":363,"column":0},"end":{"line":363,"column":63}},"363":{"start":{"line":364,"column":0},"end":{"line":364,"column":57}},"364":{"start":{"line":365,"column":0},"end":{"line":365,"column":80}},"365":{"start":{"line":366,"column":0},"end":{"line":366,"column":12}},"366":{"start":{"line":367,"column":0},"end":{"line":367,"column":16}},"367":{"start":{"line":368,"column":0},"end":{"line":368,"column":69}},"368":{"start":{"line":369,"column":0},"end":{"line":369,"column":7}},"369":{"start":{"line":370,"column":0},"end":{"line":370,"column":4}},"371":{"start":{"line":372,"column":0},"end":{"line":372,"column":67}},"372":{"start":{"line":373,"column":0},"end":{"line":373,"column":63}},"373":{"start":{"line":374,"column":0},"end":{"line":374,"column":57}},"374":{"start":{"line":375,"column":0},"end":{"line":375,"column":12}},"375":{"start":{"line":376,"column":0},"end":{"line":376,"column":16}},"376":{"start":{"line":377,"column":0},"end":{"line":377,"column":61}},"377":{"start":{"line":378,"column":0},"end":{"line":378,"column":7}},"378":{"start":{"line":379,"column":0},"end":{"line":379,"column":4}},"380":{"start":{"line":381,"column":0},"end":{"line":381,"column":10}},"381":{"start":{"line":382,"column":0},"end":{"line":382,"column":31}},"382":{"start":{"line":383,"column":0},"end":{"line":383,"column":62}},"383":{"start":{"line":384,"column":0},"end":{"line":384,"column":13}},"384":{"start":{"line":385,"column":0},"end":{"line":385,"column":75}},"385":{"start":{"line":386,"column":0},"end":{"line":386,"column":95}},"386":{"start":{"line":387,"column":0},"end":{"line":387,"column":14}},"387":{"start":{"line":388,"column":0},"end":{"line":388,"column":12}},"389":{"start":{"line":390,"column":0},"end":{"line":390,"column":18}},"390":{"start":{"line":391,"column":0},"end":{"line":391,"column":25}},"391":{"start":{"line":392,"column":0},"end":{"line":392,"column":19}},"392":{"start":{"line":393,"column":0},"end":{"line":393,"column":44}},"393":{"start":{"line":394,"column":0},"end":{"line":394,"column":40}},"394":{"start":{"line":395,"column":0},"end":{"line":395,"column":39}},"395":{"start":{"line":396,"column":0},"end":{"line":396,"column":87}},"396":{"start":{"line":397,"column":0},"end":{"line":397,"column":45}},"397":{"start":{"line":398,"column":0},"end":{"line":398,"column":67}},"398":{"start":{"line":399,"column":0},"end":{"line":399,"column":65}},"399":{"start":{"line":400,"column":0},"end":{"line":400,"column":71}},"400":{"start":{"line":401,"column":0},"end":{"line":401,"column":63}},"401":{"start":{"line":402,"column":0},"end":{"line":402,"column":67}},"402":{"start":{"line":403,"column":0},"end":{"line":403,"column":8}},"403":{"start":{"line":404,"column":0},"end":{"line":404,"column":18}},"404":{"start":{"line":405,"column":0},"end":{"line":405,"column":25}},"405":{"start":{"line":406,"column":0},"end":{"line":406,"column":19}},"406":{"start":{"line":407,"column":0},"end":{"line":407,"column":44}},"407":{"start":{"line":408,"column":0},"end":{"line":408,"column":40}},"408":{"start":{"line":409,"column":0},"end":{"line":409,"column":39}},"409":{"start":{"line":410,"column":0},"end":{"line":410,"column":87}},"410":{"start":{"line":411,"column":0},"end":{"line":411,"column":45}},"411":{"start":{"line":412,"column":0},"end":{"line":412,"column":67}},"412":{"start":{"line":413,"column":0},"end":{"line":413,"column":65}},"413":{"start":{"line":414,"column":0},"end":{"line":414,"column":71}},"414":{"start":{"line":415,"column":0},"end":{"line":415,"column":63}},"415":{"start":{"line":416,"column":0},"end":{"line":416,"column":67}},"416":{"start":{"line":417,"column":0},"end":{"line":417,"column":8}},"417":{"start":{"line":418,"column":0},"end":{"line":418,"column":10}},"419":{"start":{"line":420,"column":0},"end":{"line":420,"column":2}}},"s":{"0":1,"1":1,"2":1,"3":1,"5":1,"6":259,"9":1,"10":251,"13":1,"14":104,"17":1,"18":1754,"36":1,"37":259,"38":259,"39":259,"40":259,"41":259,"42":259,"43":259,"44":259,"45":259,"46":259,"47":259,"48":259,"49":259,"50":259,"51":259,"52":259,"53":259,"55":259,"56":1,"57":1,"58":1,"59":1,"60":1,"61":1,"62":1,"64":259,"65":259,"66":259,"67":259,"68":259,"70":259,"71":259,"72":259,"73":259,"74":259,"75":259,"76":259,"77":259,"78":259,"79":259,"80":9,"81":9,"82":9,"83":259,"84":259,"86":259,"87":8,"89":251,"90":251,"92":251,"94":259,"95":259,"96":259,"97":259,"98":259,"99":259,"101":259,"102":104,"104":104,"105":104,"107":104,"108":104,"109":104,"110":104,"111":104,"112":104,"113":104,"114":104,"115":104,"116":104,"117":104,"120":104,"121":104,"122":104,"124":104,"125":104,"126":104,"127":4,"128":4,"129":4,"130":104,"132":104,"134":104,"135":104,"138":104,"139":38,"140":38,"141":38,"142":38,"143":38,"144":38,"145":38,"146":38,"147":38,"148":38,"149":38,"150":38,"151":38,"152":38,"153":38,"154":38,"155":38,"156":38,"157":38,"158":38,"159":38,"160":38,"161":1,"162":1,"163":1,"164":38,"165":38,"166":38,"168":38,"169":38,"170":38,"171":1,"172":1,"173":1,"174":1,"175":1,"176":38,"177":38,"179":38,"180":38,"181":38,"184":104,"185":104,"186":1754,"187":1754,"188":1754,"189":1754,"190":1753,"191":1,"192":1754,"194":1754,"195":1754,"196":1754,"197":1754,"198":1754,"199":1754,"200":1754,"201":1754,"202":1754,"203":1754,"205":1754,"206":1754,"207":1754,"208":1754,"209":1754,"210":2,"211":2,"212":1,"213":1,"214":2,"215":1754,"216":1754,"218":1754,"219":1754,"220":1754,"221":104,"222":104,"223":104,"226":104,"227":104,"229":104,"230":104,"231":104,"232":104,"233":104,"235":104,"236":104,"237":104,"238":104,"239":104,"240":104,"242":259,"244":259,"246":1,"247":110,"248":110,"249":110,"250":110,"251":110,"252":110,"253":110,"256":110,"259":110,"260":31,"262":29,"263":29,"264":29,"266":29,"267":29,"268":29,"269":29,"270":29,"271":29,"272":29,"273":29,"274":29,"275":29,"276":29,"278":29,"279":6,"280":29,"281":29,"283":29,"284":110,"287":110,"288":75,"290":13,"291":13,"292":13,"293":13,"295":13,"296":110,"298":110,"299":9,"301":8,"303":9,"304":9,"306":9,"307":9,"308":9,"309":9,"310":9,"311":9,"312":9,"313":9,"315":6,"316":6,"317":9,"318":1,"319":1,"320":9,"321":7,"322":7,"323":9,"325":110,"326":1,"327":1,"329":1,"330":1,"331":1,"332":17,"333":1,"334":1,"335":1,"337":110,"339":39,"340":39,"341":39,"342":0,"343":0,"346":39,"347":39,"349":39,"350":39,"351":39,"352":39,"353":39,"355":110,"356":1,"357":1,"358":1,"359":1,"361":110,"362":1,"363":1,"364":1,"365":1,"366":1,"367":1,"368":1,"369":1,"371":110,"372":1,"373":1,"374":1,"375":1,"376":1,"377":1,"378":1,"380":110,"381":110,"382":110,"383":110,"384":110,"385":110,"386":110,"387":110,"389":110,"390":110,"391":110,"392":110,"393":110,"394":110,"395":110,"396":110,"397":110,"398":110,"399":110,"400":110,"401":110,"402":110,"403":110,"404":110,"405":110,"406":110,"407":110,"408":110,"409":110,"410":110,"411":110,"412":110,"413":110,"414":110,"415":110,"416":110,"417":110,"419":110},"branchMap":{"0":{"type":"branch","line":6,"loc":{"start":{"line":6,"column":24},"end":{"line":7,"column":221}},"locations":[{"start":{"line":6,"column":24},"end":{"line":7,"column":221}}]},"1":{"type":"branch","line":10,"loc":{"start":{"line":10,"column":17},"end":{"line":11,"column":224}},"locations":[{"start":{"line":10,"column":17},"end":{"line":11,"column":224}}]},"2":{"type":"branch","line":14,"loc":{"start":{"line":14,"column":17},"end":{"line":15,"column":226}},"locations":[{"start":{"line":14,"column":17},"end":{"line":15,"column":226}}]},"3":{"type":"branch","line":18,"loc":{"start":{"line":18,"column":18},"end":{"line":19,"column":300}},"locations":[{"start":{"line":18,"column":18},"end":{"line":19,"column":300}}]},"4":{"type":"branch","line":37,"loc":{"start":{"line":37,"column":48},"end":{"line":245,"column":2}},"locations":[{"start":{"line":37,"column":48},"end":{"line":245,"column":2}}]},"5":{"type":"branch","line":72,"loc":{"start":{"line":72,"column":61},"end":{"line":72,"column":84}},"locations":[{"start":{"line":72,"column":61},"end":{"line":72,"column":84}}]},"6":{"type":"branch","line":72,"loc":{"start":{"line":72,"column":68},"end":{"line":72,"column":99}},"locations":[{"start":{"line":72,"column":68},"end":{"line":72,"column":99}}]},"7":{"type":"branch","line":87,"loc":{"start":{"line":87,"column":13},"end":{"line":88,"column":32}},"locations":[{"start":{"line":87,"column":13},"end":{"line":88,"column":32}}]},"8":{"type":"branch","line":88,"loc":{"start":{"line":88,"column":29},"end":{"line":93,"column":17}},"locations":[{"start":{"line":88,"column":29},"end":{"line":93,"column":17}}]},"9":{"type":"branch","line":96,"loc":{"start":{"line":96,"column":50},"end":{"line":96,"column":78}},"locations":[{"start":{"line":96,"column":50},"end":{"line":96,"column":78}}]},"10":{"type":"branch","line":96,"loc":{"start":{"line":96,"column":63},"end":{"line":96,"column":80}},"locations":[{"start":{"line":96,"column":63},"end":{"line":96,"column":80}}]},"11":{"type":"branch","line":102,"loc":{"start":{"line":102,"column":7},"end":{"line":241,"column":14}},"locations":[{"start":{"line":102,"column":7},"end":{"line":241,"column":14}}]},"12":{"type":"branch","line":139,"loc":{"start":{"line":139,"column":13},"end":{"line":182,"column":20}},"locations":[{"start":{"line":139,"column":13},"end":{"line":182,"column":20}}]},"13":{"type":"branch","line":165,"loc":{"start":{"line":165,"column":50},"end":{"line":165,"column":76}},"locations":[{"start":{"line":165,"column":50},"end":{"line":165,"column":76}}]},"14":{"type":"branch","line":54,"loc":{"start":{"line":54,"column":45},"end":{"line":54,"column":59}},"locations":[{"start":{"line":54,"column":45},"end":{"line":54,"column":59}}]},"15":{"type":"branch","line":56,"loc":{"start":{"line":56,"column":26},"end":{"line":63,"column":4}},"locations":[{"start":{"line":56,"column":26},"end":{"line":63,"column":4}}]},"16":{"type":"branch","line":80,"loc":{"start":{"line":80,"column":21},"end":{"line":83,"column":14}},"locations":[{"start":{"line":80,"column":21},"end":{"line":83,"column":14}}]},"17":{"type":"branch","line":112,"loc":{"start":{"line":112,"column":24},"end":{"line":112,"column":64}},"locations":[{"start":{"line":112,"column":24},"end":{"line":112,"column":64}}]},"18":{"type":"branch","line":113,"loc":{"start":{"line":113,"column":23},"end":{"line":113,"column":50}},"locations":[{"start":{"line":113,"column":23},"end":{"line":113,"column":50}}]},"19":{"type":"branch","line":114,"loc":{"start":{"line":114,"column":25},"end":{"line":114,"column":52}},"locations":[{"start":{"line":114,"column":25},"end":{"line":114,"column":52}}]},"20":{"type":"branch","line":127,"loc":{"start":{"line":127,"column":25},"end":{"line":130,"column":18}},"locations":[{"start":{"line":127,"column":25},"end":{"line":130,"column":18}}]},"21":{"type":"branch","line":144,"loc":{"start":{"line":144,"column":28},"end":{"line":144,"column":68}},"locations":[{"start":{"line":144,"column":28},"end":{"line":144,"column":68}}]},"22":{"type":"branch","line":145,"loc":{"start":{"line":145,"column":27},"end":{"line":145,"column":54}},"locations":[{"start":{"line":145,"column":27},"end":{"line":145,"column":54}}]},"23":{"type":"branch","line":146,"loc":{"start":{"line":146,"column":29},"end":{"line":146,"column":56}},"locations":[{"start":{"line":146,"column":29},"end":{"line":146,"column":56}}]},"24":{"type":"branch","line":153,"loc":{"start":{"line":153,"column":28},"end":{"line":153,"column":67}},"locations":[{"start":{"line":153,"column":28},"end":{"line":153,"column":67}}]},"25":{"type":"branch","line":154,"loc":{"start":{"line":154,"column":27},"end":{"line":154,"column":54}},"locations":[{"start":{"line":154,"column":27},"end":{"line":154,"column":54}}]},"26":{"type":"branch","line":155,"loc":{"start":{"line":155,"column":29},"end":{"line":155,"column":56}},"locations":[{"start":{"line":155,"column":29},"end":{"line":155,"column":56}}]},"27":{"type":"branch","line":161,"loc":{"start":{"line":161,"column":29},"end":{"line":164,"column":22}},"locations":[{"start":{"line":161,"column":29},"end":{"line":164,"column":22}}]},"28":{"type":"branch","line":171,"loc":{"start":{"line":171,"column":29},"end":{"line":176,"column":22}},"locations":[{"start":{"line":171,"column":29},"end":{"line":176,"column":22}}]},"29":{"type":"branch","line":186,"loc":{"start":{"line":186,"column":34},"end":{"line":221,"column":22}},"locations":[{"start":{"line":186,"column":34},"end":{"line":221,"column":22}}]},"30":{"type":"branch","line":190,"loc":{"start":{"line":190,"column":27},"end":{"line":191,"column":78}},"locations":[{"start":{"line":190,"column":27},"end":{"line":191,"column":78}}]},"31":{"type":"branch","line":191,"loc":{"start":{"line":191,"column":24},"end":{"line":192,"column":86}},"locations":[{"start":{"line":191,"column":24},"end":{"line":192,"column":86}}]},"32":{"type":"branch","line":198,"loc":{"start":{"line":198,"column":30},"end":{"line":198,"column":62}},"locations":[{"start":{"line":198,"column":30},"end":{"line":198,"column":62}}]},"33":{"type":"branch","line":199,"loc":{"start":{"line":199,"column":29},"end":{"line":199,"column":56}},"locations":[{"start":{"line":199,"column":29},"end":{"line":199,"column":56}}]},"34":{"type":"branch","line":210,"loc":{"start":{"line":210,"column":29},"end":{"line":215,"column":22}},"locations":[{"start":{"line":210,"column":29},"end":{"line":215,"column":22}}]},"35":{"type":"branch","line":212,"loc":{"start":{"line":212,"column":63},"end":{"line":214,"column":23}},"locations":[{"start":{"line":212,"column":63},"end":{"line":214,"column":23}}]},"36":{"type":"branch","line":233,"loc":{"start":{"line":233,"column":24},"end":{"line":233,"column":77}},"locations":[{"start":{"line":233,"column":24},"end":{"line":233,"column":77}}]},"37":{"type":"branch","line":247,"loc":{"start":{"line":247,"column":60},"end":{"line":420,"column":2}},"locations":[{"start":{"line":247,"column":60},"end":{"line":420,"column":2}}]},"38":{"type":"branch","line":260,"loc":{"start":{"line":260,"column":12},"end":{"line":285,"column":5}},"locations":[{"start":{"line":260,"column":12},"end":{"line":285,"column":5}}]},"39":{"type":"branch","line":261,"loc":{"start":{"line":261,"column":16},"end":{"line":261,"column":23}},"locations":[{"start":{"line":261,"column":16},"end":{"line":261,"column":23}}]},"40":{"type":"branch","line":261,"loc":{"start":{"line":261,"column":16},"end":{"line":284,"column":26}},"locations":[{"start":{"line":261,"column":16},"end":{"line":284,"column":26}}]},"41":{"type":"branch","line":263,"loc":{"start":{"line":263,"column":32},"end":{"line":282,"column":6}},"locations":[{"start":{"line":263,"column":32},"end":{"line":282,"column":6}}]},"42":{"type":"branch","line":279,"loc":{"start":{"line":279,"column":17},"end":{"line":281,"column":9}},"locations":[{"start":{"line":279,"column":17},"end":{"line":281,"column":9}}]},"43":{"type":"branch","line":288,"loc":{"start":{"line":288,"column":12},"end":{"line":297,"column":5}},"locations":[{"start":{"line":288,"column":12},"end":{"line":297,"column":5}}]},"44":{"type":"branch","line":289,"loc":{"start":{"line":289,"column":9},"end":{"line":289,"column":48}},"locations":[{"start":{"line":289,"column":9},"end":{"line":289,"column":48}}]},"45":{"type":"branch","line":289,"loc":{"start":{"line":289,"column":48},"end":{"line":289,"column":55}},"locations":[{"start":{"line":289,"column":48},"end":{"line":289,"column":55}}]},"46":{"type":"branch","line":289,"loc":{"start":{"line":289,"column":48},"end":{"line":296,"column":53}},"locations":[{"start":{"line":289,"column":48},"end":{"line":296,"column":53}}]},"47":{"type":"branch","line":299,"loc":{"start":{"line":299,"column":24},"end":{"line":324,"column":4}},"locations":[{"start":{"line":299,"column":24},"end":{"line":324,"column":4}}]},"48":{"type":"branch","line":300,"loc":{"start":{"line":300,"column":16},"end":{"line":300,"column":23}},"locations":[{"start":{"line":300,"column":16},"end":{"line":300,"column":23}}]},"49":{"type":"branch","line":300,"loc":{"start":{"line":300,"column":16},"end":{"line":304,"column":37}},"locations":[{"start":{"line":300,"column":16},"end":{"line":304,"column":37}}]},"50":{"type":"branch","line":304,"loc":{"start":{"line":304,"column":30},"end":{"line":304,"column":48}},"locations":[{"start":{"line":304,"column":30},"end":{"line":304,"column":48}}]},"51":{"type":"branch","line":304,"loc":{"start":{"line":304,"column":37},"end":{"line":304,"column":57}},"locations":[{"start":{"line":304,"column":37},"end":{"line":304,"column":57}}]},"52":{"type":"branch","line":314,"loc":{"start":{"line":314,"column":7},"end":{"line":318,"column":13}},"locations":[{"start":{"line":314,"column":7},"end":{"line":318,"column":13}}]},"53":{"type":"branch","line":318,"loc":{"start":{"line":318,"column":4},"end":{"line":321,"column":6}},"locations":[{"start":{"line":318,"column":4},"end":{"line":321,"column":6}}]},"54":{"type":"branch","line":321,"loc":{"start":{"line":321,"column":4},"end":{"line":323,"column":5}},"locations":[{"start":{"line":321,"column":4},"end":{"line":323,"column":5}}]},"55":{"type":"branch","line":305,"loc":{"start":{"line":305,"column":49},"end":{"line":305,"column":63}},"locations":[{"start":{"line":305,"column":49},"end":{"line":305,"column":63}}]},"56":{"type":"branch","line":310,"loc":{"start":{"line":310,"column":33},"end":{"line":310,"column":43}},"locations":[{"start":{"line":310,"column":33},"end":{"line":310,"column":43}}]},"57":{"type":"branch","line":326,"loc":{"start":{"line":326,"column":23},"end":{"line":336,"column":4}},"locations":[{"start":{"line":326,"column":23},"end":{"line":336,"column":4}}]},"58":{"type":"branch","line":327,"loc":{"start":{"line":327,"column":37},"end":{"line":327,"column":63}},"locations":[{"start":{"line":327,"column":37},"end":{"line":327,"column":63}}]},"59":{"type":"branch","line":328,"loc":{"start":{"line":328,"column":37},"end":{"line":328,"column":57}},"locations":[{"start":{"line":328,"column":37},"end":{"line":328,"column":57}}]},"60":{"type":"branch","line":332,"loc":{"start":{"line":332,"column":34},"end":{"line":333,"column":61}},"locations":[{"start":{"line":332,"column":34},"end":{"line":333,"column":61}}]},"61":{"type":"branch","line":333,"loc":{"start":{"line":333,"column":17},"end":{"line":333,"column":60}},"locations":[{"start":{"line":333,"column":17},"end":{"line":333,"column":60}}]},"62":{"type":"branch","line":333,"loc":{"start":{"line":333,"column":56},"end":{"line":333,"column":61}},"locations":[{"start":{"line":333,"column":56},"end":{"line":333,"column":61}}]},"63":{"type":"branch","line":338,"loc":{"start":{"line":338,"column":25},"end":{"line":354,"column":4}},"locations":[{"start":{"line":338,"column":25},"end":{"line":354,"column":4}}]},"64":{"type":"branch","line":342,"loc":{"start":{"line":342,"column":4},"end":{"line":344,"column":5}},"locations":[{"start":{"line":342,"column":4},"end":{"line":344,"column":5}}]},"65":{"type":"branch","line":347,"loc":{"start":{"line":347,"column":37},"end":{"line":347,"column":63}},"locations":[{"start":{"line":347,"column":37},"end":{"line":347,"column":63}}]},"66":{"type":"branch","line":348,"loc":{"start":{"line":348,"column":37},"end":{"line":348,"column":57}},"locations":[{"start":{"line":348,"column":37},"end":{"line":348,"column":57}}]},"67":{"type":"branch","line":352,"loc":{"start":{"line":352,"column":37},"end":{"line":352,"column":50}},"locations":[{"start":{"line":352,"column":37},"end":{"line":352,"column":50}}]},"68":{"type":"branch","line":356,"loc":{"start":{"line":356,"column":28},"end":{"line":360,"column":4}},"locations":[{"start":{"line":356,"column":28},"end":{"line":360,"column":4}}]},"69":{"type":"branch","line":357,"loc":{"start":{"line":357,"column":37},"end":{"line":357,"column":63}},"locations":[{"start":{"line":357,"column":37},"end":{"line":357,"column":63}}]},"70":{"type":"branch","line":358,"loc":{"start":{"line":358,"column":37},"end":{"line":358,"column":57}},"locations":[{"start":{"line":358,"column":37},"end":{"line":358,"column":57}}]},"71":{"type":"branch","line":362,"loc":{"start":{"line":362,"column":20},"end":{"line":370,"column":4}},"locations":[{"start":{"line":362,"column":20},"end":{"line":370,"column":4}}]},"72":{"type":"branch","line":363,"loc":{"start":{"line":363,"column":37},"end":{"line":363,"column":63}},"locations":[{"start":{"line":363,"column":37},"end":{"line":363,"column":63}}]},"73":{"type":"branch","line":364,"loc":{"start":{"line":364,"column":37},"end":{"line":364,"column":57}},"locations":[{"start":{"line":364,"column":37},"end":{"line":364,"column":57}}]},"74":{"type":"branch","line":372,"loc":{"start":{"line":372,"column":23},"end":{"line":379,"column":4}},"locations":[{"start":{"line":372,"column":23},"end":{"line":379,"column":4}}]},"75":{"type":"branch","line":373,"loc":{"start":{"line":373,"column":37},"end":{"line":373,"column":63}},"locations":[{"start":{"line":373,"column":37},"end":{"line":373,"column":63}}]},"76":{"type":"branch","line":374,"loc":{"start":{"line":374,"column":37},"end":{"line":374,"column":57}},"locations":[{"start":{"line":374,"column":37},"end":{"line":374,"column":57}}]},"77":{"type":"branch","line":377,"loc":{"start":{"line":377,"column":37},"end":{"line":377,"column":59}},"locations":[{"start":{"line":377,"column":37},"end":{"line":377,"column":59}}]},"78":{"type":"branch","line":396,"loc":{"start":{"line":396,"column":24},"end":{"line":396,"column":87}},"locations":[{"start":{"line":396,"column":24},"end":{"line":396,"column":87}}]},"79":{"type":"branch","line":396,"loc":{"start":{"line":396,"column":67},"end":{"line":396,"column":81}},"locations":[{"start":{"line":396,"column":67},"end":{"line":396,"column":81}}]},"80":{"type":"branch","line":396,"loc":{"start":{"line":396,"column":74},"end":{"line":396,"column":85}},"locations":[{"start":{"line":396,"column":74},"end":{"line":396,"column":85}}]},"81":{"type":"branch","line":397,"loc":{"start":{"line":397,"column":19},"end":{"line":397,"column":45}},"locations":[{"start":{"line":397,"column":19},"end":{"line":397,"column":45}}]},"82":{"type":"branch","line":398,"loc":{"start":{"line":398,"column":24},"end":{"line":398,"column":67}},"locations":[{"start":{"line":398,"column":24},"end":{"line":398,"column":67}}]},"83":{"type":"branch","line":399,"loc":{"start":{"line":399,"column":26},"end":{"line":399,"column":65}},"locations":[{"start":{"line":399,"column":26},"end":{"line":399,"column":65}}]},"84":{"type":"branch","line":400,"loc":{"start":{"line":400,"column":29},"end":{"line":400,"column":71}},"locations":[{"start":{"line":400,"column":29},"end":{"line":400,"column":71}}]},"85":{"type":"branch","line":401,"loc":{"start":{"line":401,"column":21},"end":{"line":401,"column":63}},"locations":[{"start":{"line":401,"column":21},"end":{"line":401,"column":63}}]},"86":{"type":"branch","line":402,"loc":{"start":{"line":402,"column":24},"end":{"line":402,"column":67}},"locations":[{"start":{"line":402,"column":24},"end":{"line":402,"column":67}}]},"87":{"type":"branch","line":410,"loc":{"start":{"line":410,"column":24},"end":{"line":410,"column":87}},"locations":[{"start":{"line":410,"column":24},"end":{"line":410,"column":87}}]},"88":{"type":"branch","line":410,"loc":{"start":{"line":410,"column":67},"end":{"line":410,"column":81}},"locations":[{"start":{"line":410,"column":67},"end":{"line":410,"column":81}}]},"89":{"type":"branch","line":411,"loc":{"start":{"line":411,"column":19},"end":{"line":411,"column":45}},"locations":[{"start":{"line":411,"column":19},"end":{"line":411,"column":45}}]}},"b":{"0":[259],"1":[251],"2":[104],"3":[1754],"4":[259],"5":[149],"6":[110],"7":[8],"8":[251],"9":[104],"10":[155],"11":[104],"12":[38],"13":[34],"14":[3633],"15":[1],"16":[9],"17":[39],"18":[3],"19":[37],"20":[4],"21":[15],"22":[1],"23":[15],"24":[19],"25":[1],"26":[19],"27":[1],"28":[1],"29":[1754],"30":[1753],"31":[1],"32":[1],"33":[1],"34":[2],"35":[1],"36":[1],"37":[110],"38":[31],"39":[2],"40":[29],"41":[29],"42":[6],"43":[75],"44":[73],"45":[62],"46":[13],"47":[9],"48":[1],"49":[8],"50":[6],"51":[2],"52":[6],"53":[1],"54":[7],"55":[122],"56":[122],"57":[1],"58":[0],"59":[0],"60":[17],"61":[1],"62":[16],"63":[39],"64":[0],"65":[0],"66":[0],"67":[91],"68":[1],"69":[0],"70":[0],"71":[1],"72":[0],"73":[0],"74":[1],"75":[0],"76":[0],"77":[17],"78":[17],"79":[1],"80":[16],"81":[7],"82":[1],"83":[39],"84":[1],"85":[1],"86":[1],"87":[2],"88":[0],"89":[2]},"fnMap":{"0":{"name":"ChevronDownIcon","decl":{"start":{"line":6,"column":24},"end":{"line":7,"column":221}},"loc":{"start":{"line":6,"column":24},"end":{"line":7,"column":221}},"line":6},"1":{"name":"PlayIcon","decl":{"start":{"line":10,"column":17},"end":{"line":11,"column":224}},"loc":{"start":{"line":10,"column":17},"end":{"line":11,"column":224}},"line":10},"2":{"name":"PlusIcon","decl":{"start":{"line":14,"column":17},"end":{"line":15,"column":226}},"loc":{"start":{"line":14,"column":17},"end":{"line":15,"column":226}},"line":14},"3":{"name":"TrashIcon","decl":{"start":{"line":18,"column":18},"end":{"line":19,"column":300}},"loc":{"start":{"line":18,"column":18},"end":{"line":19,"column":300}},"line":18},"4":{"name":"RegionPanel","decl":{"start":{"line":37,"column":48},"end":{"line":245,"column":2}},"loc":{"start":{"line":37,"column":48},"end":{"line":245,"column":2}},"line":37},"5":{"name":"handleAddSource","decl":{"start":{"line":56,"column":26},"end":{"line":63,"column":4}},"loc":{"start":{"line":56,"column":26},"end":{"line":63,"column":4}},"line":56},"6":{"name":"onClick","decl":{"start":{"line":80,"column":21},"end":{"line":83,"column":14}},"loc":{"start":{"line":80,"column":21},"end":{"line":83,"column":14}},"line":80},"7":{"name":"onChange","decl":{"start":{"line":112,"column":24},"end":{"line":112,"column":64}},"loc":{"start":{"line":112,"column":24},"end":{"line":112,"column":64}},"line":112},"8":{"name":"onClick","decl":{"start":{"line":113,"column":23},"end":{"line":113,"column":50}},"loc":{"start":{"line":113,"column":23},"end":{"line":113,"column":50}},"line":113},"9":{"name":"onKeyDown","decl":{"start":{"line":114,"column":25},"end":{"line":114,"column":52}},"loc":{"start":{"line":114,"column":25},"end":{"line":114,"column":52}},"line":114},"10":{"name":"onClick","decl":{"start":{"line":127,"column":25},"end":{"line":130,"column":18}},"loc":{"start":{"line":127,"column":25},"end":{"line":130,"column":18}},"line":127},"11":{"name":"onChange","decl":{"start":{"line":144,"column":28},"end":{"line":144,"column":68}},"loc":{"start":{"line":144,"column":28},"end":{"line":144,"column":68}},"line":144},"12":{"name":"onClick","decl":{"start":{"line":145,"column":27},"end":{"line":145,"column":54}},"loc":{"start":{"line":145,"column":27},"end":{"line":145,"column":54}},"line":145},"13":{"name":"onKeyDown","decl":{"start":{"line":146,"column":29},"end":{"line":146,"column":56}},"loc":{"start":{"line":146,"column":29},"end":{"line":146,"column":56}},"line":146},"14":{"name":"onChange","decl":{"start":{"line":153,"column":28},"end":{"line":153,"column":67}},"loc":{"start":{"line":153,"column":28},"end":{"line":153,"column":67}},"line":153},"15":{"name":"onClick","decl":{"start":{"line":154,"column":27},"end":{"line":154,"column":54}},"loc":{"start":{"line":154,"column":27},"end":{"line":154,"column":54}},"line":154},"16":{"name":"onKeyDown","decl":{"start":{"line":155,"column":29},"end":{"line":155,"column":56}},"loc":{"start":{"line":155,"column":29},"end":{"line":155,"column":56}},"line":155},"17":{"name":"onClick","decl":{"start":{"line":161,"column":29},"end":{"line":164,"column":22}},"loc":{"start":{"line":161,"column":29},"end":{"line":164,"column":22}},"line":161},"18":{"name":"onClick","decl":{"start":{"line":171,"column":29},"end":{"line":176,"column":22}},"loc":{"start":{"line":171,"column":29},"end":{"line":176,"column":22}},"line":171},"19":{"name":"onChange","decl":{"start":{"line":198,"column":30},"end":{"line":198,"column":62}},"loc":{"start":{"line":198,"column":30},"end":{"line":198,"column":62}},"line":198},"20":{"name":"onClick","decl":{"start":{"line":199,"column":29},"end":{"line":199,"column":56}},"loc":{"start":{"line":199,"column":29},"end":{"line":199,"column":56}},"line":199},"21":{"name":"onClick","decl":{"start":{"line":204,"column":29},"end":{"line":204,"column":61}},"loc":{"start":{"line":204,"column":29},"end":{"line":204,"column":61}},"line":204},"22":{"name":"onClick","decl":{"start":{"line":210,"column":29},"end":{"line":215,"column":22}},"loc":{"start":{"line":210,"column":29},"end":{"line":215,"column":22}},"line":210},"23":{"name":"onChange","decl":{"start":{"line":233,"column":24},"end":{"line":233,"column":77}},"loc":{"start":{"line":233,"column":24},"end":{"line":233,"column":77}},"line":233},"24":{"name":"ScraperTrigger","decl":{"start":{"line":247,"column":60},"end":{"line":420,"column":2}},"loc":{"start":{"line":247,"column":60},"end":{"line":420,"column":2}},"line":247},"25":{"name":"loadUserPreferences","decl":{"start":{"line":263,"column":32},"end":{"line":282,"column":6}},"loc":{"start":{"line":263,"column":32},"end":{"line":282,"column":6}},"line":263},"26":{"name":"handleTrigger","decl":{"start":{"line":299,"column":24},"end":{"line":324,"column":4}},"loc":{"start":{"line":299,"column":24},"end":{"line":324,"column":4}},"line":299},"27":{"name":"toggleSource","decl":{"start":{"line":326,"column":23},"end":{"line":336,"column":4}},"loc":{"start":{"line":326,"column":23},"end":{"line":336,"column":4}},"line":326},"28":{"name":"updateKeywords","decl":{"start":{"line":338,"column":25},"end":{"line":354,"column":4}},"loc":{"start":{"line":338,"column":25},"end":{"line":354,"column":4}},"line":338},"29":{"name":"updateScrapeDepth","decl":{"start":{"line":356,"column":28},"end":{"line":360,"column":4}},"loc":{"start":{"line":356,"column":28},"end":{"line":360,"column":4}},"line":356},"30":{"name":"addSource","decl":{"start":{"line":362,"column":20},"end":{"line":370,"column":4}},"loc":{"start":{"line":362,"column":20},"end":{"line":370,"column":4}},"line":362},"31":{"name":"deleteSource","decl":{"start":{"line":372,"column":23},"end":{"line":379,"column":4}},"loc":{"start":{"line":372,"column":23},"end":{"line":379,"column":4}},"line":372},"32":{"name":"onToggleExpand","decl":{"start":{"line":396,"column":24},"end":{"line":396,"column":87}},"loc":{"start":{"line":396,"column":24},"end":{"line":396,"column":87}},"line":396},"33":{"name":"onTrigger","decl":{"start":{"line":397,"column":19},"end":{"line":397,"column":45}},"loc":{"start":{"line":397,"column":19},"end":{"line":397,"column":45}},"line":397},"34":{"name":"onToggleSource","decl":{"start":{"line":398,"column":24},"end":{"line":398,"column":67}},"loc":{"start":{"line":398,"column":24},"end":{"line":398,"column":67}},"line":398},"35":{"name":"onUpdateKeywords","decl":{"start":{"line":399,"column":26},"end":{"line":399,"column":65}},"loc":{"start":{"line":399,"column":26},"end":{"line":399,"column":65}},"line":399},"36":{"name":"onUpdateScrapeDepth","decl":{"start":{"line":400,"column":29},"end":{"line":400,"column":71}},"loc":{"start":{"line":400,"column":29},"end":{"line":400,"column":71}},"line":400},"37":{"name":"onAddSource","decl":{"start":{"line":401,"column":21},"end":{"line":401,"column":63}},"loc":{"start":{"line":401,"column":21},"end":{"line":401,"column":63}},"line":401},"38":{"name":"onDeleteSource","decl":{"start":{"line":402,"column":24},"end":{"line":402,"column":67}},"loc":{"start":{"line":402,"column":24},"end":{"line":402,"column":67}},"line":402},"39":{"name":"onToggleExpand","decl":{"start":{"line":410,"column":24},"end":{"line":410,"column":87}},"loc":{"start":{"line":410,"column":24},"end":{"line":410,"column":87}},"line":410},"40":{"name":"onTrigger","decl":{"start":{"line":411,"column":19},"end":{"line":411,"column":45}},"loc":{"start":{"line":411,"column":19},"end":{"line":411,"column":45}},"line":411},"41":{"name":"onToggleSource","decl":{"start":{"line":412,"column":24},"end":{"line":412,"column":67}},"loc":{"start":{"line":412,"column":24},"end":{"line":412,"column":67}},"line":412},"42":{"name":"onUpdateKeywords","decl":{"start":{"line":413,"column":26},"end":{"line":413,"column":65}},"loc":{"start":{"line":413,"column":26},"end":{"line":413,"column":65}},"line":413},"43":{"name":"onUpdateScrapeDepth","decl":{"start":{"line":414,"column":29},"end":{"line":414,"column":71}},"loc":{"start":{"line":414,"column":29},"end":{"line":414,"column":71}},"line":414},"44":{"name":"onAddSource","decl":{"start":{"line":415,"column":21},"end":{"line":415,"column":63}},"loc":{"start":{"line":415,"column":21},"end":{"line":415,"column":63}},"line":415},"45":{"name":"onDeleteSource","decl":{"start":{"line":416,"column":24},"end":{"line":416,"column":67}},"loc":{"start":{"line":416,"column":24},"end":{"line":416,"column":67}},"line":416}},"f":{"0":259,"1":251,"2":104,"3":1754,"4":259,"5":1,"6":9,"7":39,"8":3,"9":37,"10":4,"11":15,"12":1,"13":15,"14":19,"15":1,"16":19,"17":1,"18":1,"19":1,"20":1,"21":0,"22":2,"23":1,"24":110,"25":29,"26":9,"27":1,"28":39,"29":1,"30":1,"31":1,"32":17,"33":7,"34":1,"35":39,"36":1,"37":1,"38":1,"39":2,"40":2,"41":0,"42":0,"43":0,"44":0,"45":0}}
,"C:\\Users\\oktay\\Documents\\aisports-ui\\services\\dataService.ts": {"path":"C:\\Users\\oktay\\Documents\\aisports-ui\\services\\dataService.ts","all":false,"statementMap":{"0":{"start":{"line":1,"column":0},"end":{"line":1,"column":106}},"2":{"start":{"line":3,"column":0},"end":{"line":3,"column":43}},"3":{"start":{"line":4,"column":0},"end":{"line":4,"column":5}},"4":{"start":{"line":5,"column":0},"end":{"line":5,"column":153}},"5":{"start":{"line":6,"column":0},"end":{"line":6,"column":105}},"6":{"start":{"line":7,"column":0},"end":{"line":7,"column":521}},"7":{"start":{"line":8,"column":0},"end":{"line":8,"column":34}},"8":{"start":{"line":9,"column":0},"end":{"line":9,"column":57}},"9":{"start":{"line":10,"column":0},"end":{"line":10,"column":21}},"10":{"start":{"line":11,"column":0},"end":{"line":11,"column":24}},"11":{"start":{"line":12,"column":0},"end":{"line":12,"column":23}},"12":{"start":{"line":13,"column":0},"end":{"line":13,"column":31}},"13":{"start":{"line":14,"column":0},"end":{"line":14,"column":31}},"14":{"start":{"line":15,"column":0},"end":{"line":15,"column":8}},"15":{"start":{"line":16,"column":0},"end":{"line":16,"column":23}},"16":{"start":{"line":17,"column":0},"end":{"line":17,"column":25}},"17":{"start":{"line":18,"column":0},"end":{"line":18,"column":28}},"18":{"start":{"line":19,"column":0},"end":{"line":19,"column":10}},"19":{"start":{"line":20,"column":0},"end":{"line":20,"column":24}},"20":{"start":{"line":21,"column":0},"end":{"line":21,"column":20}},"21":{"start":{"line":22,"column":0},"end":{"line":22,"column":24}},"22":{"start":{"line":23,"column":0},"end":{"line":23,"column":22}},"23":{"start":{"line":24,"column":0},"end":{"line":24,"column":10}},"24":{"start":{"line":25,"column":0},"end":{"line":25,"column":18}},"25":{"start":{"line":26,"column":0},"end":{"line":26,"column":24}},"26":{"start":{"line":27,"column":0},"end":{"line":27,"column":23}},"27":{"start":{"line":28,"column":0},"end":{"line":28,"column":32}},"28":{"start":{"line":29,"column":0},"end":{"line":29,"column":9}},"29":{"start":{"line":30,"column":0},"end":{"line":30,"column":8}},"30":{"start":{"line":31,"column":0},"end":{"line":31,"column":32}},"31":{"start":{"line":32,"column":0},"end":{"line":32,"column":24}},"32":{"start":{"line":33,"column":0},"end":{"line":33,"column":27}},"33":{"start":{"line":34,"column":0},"end":{"line":34,"column":6}},"34":{"start":{"line":35,"column":0},"end":{"line":35,"column":5}},"35":{"start":{"line":36,"column":0},"end":{"line":36,"column":110}},"36":{"start":{"line":37,"column":0},"end":{"line":37,"column":65}},"37":{"start":{"line":38,"column":0},"end":{"line":38,"column":425}},"38":{"start":{"line":39,"column":0},"end":{"line":39,"column":34}},"39":{"start":{"line":40,"column":0},"end":{"line":40,"column":57}},"40":{"start":{"line":41,"column":0},"end":{"line":41,"column":21}},"41":{"start":{"line":42,"column":0},"end":{"line":42,"column":23}},"42":{"start":{"line":43,"column":0},"end":{"line":43,"column":23}},"43":{"start":{"line":44,"column":0},"end":{"line":44,"column":8}},"44":{"start":{"line":45,"column":0},"end":{"line":45,"column":23}},"45":{"start":{"line":46,"column":0},"end":{"line":46,"column":25}},"46":{"start":{"line":47,"column":0},"end":{"line":47,"column":30}},"47":{"start":{"line":48,"column":0},"end":{"line":48,"column":10}},"48":{"start":{"line":49,"column":0},"end":{"line":49,"column":22}},"49":{"start":{"line":50,"column":0},"end":{"line":50,"column":45}},"50":{"start":{"line":51,"column":0},"end":{"line":51,"column":10}},"51":{"start":{"line":52,"column":0},"end":{"line":52,"column":20}},"52":{"start":{"line":53,"column":0},"end":{"line":53,"column":22}},"53":{"start":{"line":54,"column":0},"end":{"line":54,"column":10}},"54":{"start":{"line":55,"column":0},"end":{"line":55,"column":18}},"55":{"start":{"line":56,"column":0},"end":{"line":56,"column":24}},"56":{"start":{"line":57,"column":0},"end":{"line":57,"column":22}},"57":{"start":{"line":58,"column":0},"end":{"line":58,"column":9}},"58":{"start":{"line":59,"column":0},"end":{"line":59,"column":8}},"59":{"start":{"line":60,"column":0},"end":{"line":60,"column":32}},"60":{"start":{"line":61,"column":0},"end":{"line":61,"column":24}},"61":{"start":{"line":62,"column":0},"end":{"line":62,"column":27}},"62":{"start":{"line":63,"column":0},"end":{"line":63,"column":6}},"63":{"start":{"line":64,"column":0},"end":{"line":64,"column":5}},"64":{"start":{"line":65,"column":0},"end":{"line":65,"column":127}},"65":{"start":{"line":66,"column":0},"end":{"line":66,"column":82}},"66":{"start":{"line":67,"column":0},"end":{"line":67,"column":559}},"67":{"start":{"line":68,"column":0},"end":{"line":68,"column":34}},"68":{"start":{"line":69,"column":0},"end":{"line":69,"column":57}},"69":{"start":{"line":70,"column":0},"end":{"line":70,"column":21}},"70":{"start":{"line":71,"column":0},"end":{"line":71,"column":31}},"71":{"start":{"line":72,"column":0},"end":{"line":72,"column":31}},"72":{"start":{"line":73,"column":0},"end":{"line":73,"column":8}},"73":{"start":{"line":74,"column":0},"end":{"line":74,"column":23}},"74":{"start":{"line":75,"column":0},"end":{"line":75,"column":25}},"75":{"start":{"line":76,"column":0},"end":{"line":76,"column":28}},"76":{"start":{"line":77,"column":0},"end":{"line":77,"column":10}},"77":{"start":{"line":78,"column":0},"end":{"line":78,"column":22}},"78":{"start":{"line":79,"column":0},"end":{"line":79,"column":19}},"79":{"start":{"line":80,"column":0},"end":{"line":80,"column":10}},"80":{"start":{"line":81,"column":0},"end":{"line":81,"column":20}},"81":{"start":{"line":82,"column":0},"end":{"line":82,"column":24}},"82":{"start":{"line":83,"column":0},"end":{"line":83,"column":26}},"83":{"start":{"line":84,"column":0},"end":{"line":84,"column":26}},"84":{"start":{"line":85,"column":0},"end":{"line":85,"column":28}},"85":{"start":{"line":86,"column":0},"end":{"line":86,"column":10}},"86":{"start":{"line":87,"column":0},"end":{"line":87,"column":18}},"87":{"start":{"line":88,"column":0},"end":{"line":88,"column":23}},"88":{"start":{"line":89,"column":0},"end":{"line":89,"column":24}},"89":{"start":{"line":90,"column":0},"end":{"line":90,"column":24}},"90":{"start":{"line":91,"column":0},"end":{"line":91,"column":20}},"91":{"start":{"line":92,"column":0},"end":{"line":92,"column":23}},"92":{"start":{"line":93,"column":0},"end":{"line":93,"column":20}},"93":{"start":{"line":94,"column":0},"end":{"line":94,"column":20}},"94":{"start":{"line":95,"column":0},"end":{"line":95,"column":21}},"95":{"start":{"line":96,"column":0},"end":{"line":96,"column":9}},"96":{"start":{"line":97,"column":0},"end":{"line":97,"column":8}},"97":{"start":{"line":98,"column":0},"end":{"line":98,"column":32}},"98":{"start":{"line":99,"column":0},"end":{"line":99,"column":24}},"99":{"start":{"line":100,"column":0},"end":{"line":100,"column":27}},"100":{"start":{"line":101,"column":0},"end":{"line":101,"column":6}},"101":{"start":{"line":102,"column":0},"end":{"line":102,"column":5}},"102":{"start":{"line":103,"column":0},"end":{"line":103,"column":109}},"103":{"start":{"line":104,"column":0},"end":{"line":104,"column":61}},"104":{"start":{"line":105,"column":0},"end":{"line":105,"column":544}},"105":{"start":{"line":106,"column":0},"end":{"line":106,"column":34}},"106":{"start":{"line":107,"column":0},"end":{"line":107,"column":57}},"107":{"start":{"line":108,"column":0},"end":{"line":108,"column":21}},"108":{"start":{"line":109,"column":0},"end":{"line":109,"column":24}},"109":{"start":{"line":110,"column":0},"end":{"line":110,"column":32}},"110":{"start":{"line":111,"column":0},"end":{"line":111,"column":20}},"111":{"start":{"line":112,"column":0},"end":{"line":112,"column":8}},"112":{"start":{"line":113,"column":0},"end":{"line":113,"column":2
[...]
:155,"column":0},"end":{"line":155,"column":18}},"155":{"start":{"line":156,"column":0},"end":{"line":156,"column":5}},"156":{"start":{"line":157,"column":0},"end":{"line":157,"column":1}},"164":{"start":{"line":165,"column":0},"end":{"line":165,"column":37}},"165":{"start":{"line":166,"column":0},"end":{"line":166,"column":16}},"166":{"start":{"line":167,"column":0},"end":{"line":167,"column":32}},"167":{"start":{"line":168,"column":0},"end":{"line":168,"column":54}},"168":{"start":{"line":169,"column":0},"end":{"line":169,"column":42}},"169":{"start":{"line":170,"column":0},"end":{"line":170,"column":19}},"170":{"start":{"line":171,"column":0},"end":{"line":171,"column":10}},"171":{"start":{"line":172,"column":0},"end":{"line":172,"column":18}},"172":{"start":{"line":173,"column":0},"end":{"line":173,"column":5}},"173":{"start":{"line":174,"column":0},"end":{"line":174,"column":1}},"196":{"start":{"line":197,"column":0},"end":{"line":197,"column":44}},"203":{"start":{"line":204,"column":0},"end":{"line":204,"column":29}},"204":{"start":{"line":205,"column":0},"end":{"line":205,"column":39}},"206":{"start":{"line":207,"column":0},"end":{"line":207,"column":62}},"207":{"start":{"line":208,"column":0},"end":{"line":208,"column":71}},"208":{"start":{"line":209,"column":0},"end":{"line":209,"column":65}},"209":{"start":{"line":210,"column":0},"end":{"line":210,"column":84}},"210":{"start":{"line":211,"column":0},"end":{"line":211,"column":62}},"211":{"start":{"line":212,"column":0},"end":{"line":212,"column":57}},"213":{"start":{"line":214,"column":0},"end":{"line":214,"column":40}},"214":{"start":{"line":215,"column":0},"end":{"line":215,"column":70}},"216":{"start":{"line":217,"column":0},"end":{"line":217,"column":63}},"217":{"start":{"line":218,"column":0},"end":{"line":218,"column":1}},"226":{"start":{"line":227,"column":0},"end":{"line":227,"column":47}},"227":{"start":{"line":228,"column":0},"end":{"line":228,"column":23}},"228":{"start":{"line":229,"column":0},"end":{"line":229,"column":1}},"233":{"start":{"line":234,"column":0},"end":{"line":234,"column":40}},"234":{"start":{"line":235,"column":0},"end":{"line":235,"column":27}},"235":{"start":{"line":236,"column":0},"end":{"line":236,"column":1}}},"s":{"8":1,"9":1,"14":15,"15":15,"16":15,"21":15,"22":15,"23":15,"25":15,"26":15,"27":15,"30":15,"31":12,"32":12,"35":15,"36":3,"37":3,"39":15,"41":15,"42":15,"43":15,"44":15,"45":15,"47":15,"48":6,"49":6,"50":6,"52":8,"53":8,"66":3,"67":3,"68":3,"99":2,"100":2,"101":2,"103":2,"104":2,"105":2,"106":2,"107":2,"108":2,"109":2,"110":2,"111":2,"112":2,"125":1,"126":1,"127":1,"147":2,"148":2,"149":2,"150":2,"151":2,"152":2,"153":2,"154":2,"155":2,"156":2,"164":2,"165":2,"166":2,"167":2,"168":2,"169":2,"170":2,"171":2,"172":2,"173":2,"196":3,"203":3,"204":3,"206":3,"207":3,"208":3,"209":3,"210":3,"211":3,"213":3,"214":3,"216":3,"217":3,"226":1,"227":1,"228":1,"233":1,"234":1,"235":1},"branchMap":{"0":{"type":"branch","line":9,"loc":{"start":{"line":9,"column":36},"end":{"line":9,"column":59}},"locations":[{"start":{"line":9,"column":36},"end":{"line":9,"column":59}}]},"1":{"type":"branch","line":9,"loc":{"start":{"line":9,"column":36},"end":{"line":9,"column":59}},"locations":[{"start":{"line":9,"column":36},"end":{"line":9,"column":59}}]},"2":{"type":"branch","line":15,"loc":{"start":{"line":15,"column":0},"end":{"line":54,"column":1}},"locations":[{"start":{"line":15,"column":0},"end":{"line":54,"column":1}}]},"3":{"type":"branch","line":31,"loc":{"start":{"line":31,"column":13},"end":{"line":33,"column":3}},"locations":[{"start":{"line":31,"column":13},"end":{"line":33,"column":3}}]},"4":{"type":"branch","line":36,"loc":{"start":{"line":36,"column":6},"end":{"line":36,"column":28}},"locations":[{"start":{"line":36,"column":6},"end":{"line":36,"column":28}}]},"5":{"type":"branch","line":36,"loc":{"start":{"line":36,"column":28},"end":{"line":38,"column":3}},"locations":[{"start":{"line":36,"column":28},"end":{"line":38,"column":3}}]},"6":{"type":"branch","line":45,"loc":{"start":{"line":45,"column":10},"end":{"line":45,"column":40}},"locations":[{"start":{"line":45,"column":10},"end":{"line":45,"column":40}}]},"7":{"type":"branch","line":45,"loc":{"start":{"line":45,"column":36},"end":{"line":45,"column":50}},"locations":[{"start":{"line":45,"column":36},"end":{"line":45,"column":50}}]},"8":{"type":"branch","line":46,"loc":{"start":{"line":46,"column":3},"end":{"line":48,"column":20}},"locations":[{"start":{"line":46,"column":3},"end":{"line":48,"column":20}}]},"9":{"type":"branch","line":48,"loc":{"start":{"line":48,"column":20},"end":{"line":51,"column":3}},"locations":[{"start":{"line":48,"column":20},"end":{"line":51,"column":3}}]},"10":{"type":"branch","line":50,"loc":{"start":{"line":50,"column":26},"end":{"line":50,"column":66}},"locations":[{"start":{"line":50,"column":26},"end":{"line":50,"column":66}}]},"11":{"type":"branch","line":51,"loc":{"start":{"line":51,"column":2},"end":{"line":54,"column":1}},"locations":[{"start":{"line":51,"column":2},"end":{"line":54,"column":1}}]},"12":{"type":"branch","line":67,"loc":{"start":{"line":67,"column":0},"end":{"line":69,"column":1}},"locations":[{"start":{"line":67,"column":0},"end":{"line":69,"column":1}}]},"13":{"type":"branch","line":100,"loc":{"start":{"line":100,"column":0},"end":{"line":102,"column":1}},"locations":[{"start":{"line":100,"column":0},"end":{"line":102,"column":1}}]},"14":{"type":"branch","line":104,"loc":{"start":{"line":104,"column":0},"end":{"line":113,"column":1}},"locations":[{"start":{"line":104,"column":0},"end":{"line":113,"column":1}}]},"15":{"type":"branch","line":126,"loc":{"start":{"line":126,"column":0},"end":{"line":128,"column":1}},"locations":[{"start":{"line":126,"column":0},"end":{"line":128,"column":1}}]},"16":{"type":"branch","line":148,"loc":{"start":{"line":148,"column":0},"end":{"line":157,"column":1}},"locations":[{"start":{"line":148,"column":0},"end":{"line":157,"column":1}}]},"17":{"type":"branch","line":165,"loc":{"start":{"line":165,"column":0},"end":{"line":174,"column":1}},"locations":[{"start":{"line":165,"column":0},"end":{"line":174,"column":1}}]},"18":{"type":"branch","line":197,"loc":{"start":{"line":197,"column":0},"end":{"line":218,"column":1}},"locations":[{"start":{"line":197,"column":0},"end":{"line":218,"column":1}}]},"19":{"type":"branch","line":208,"loc":{"start":{"line":208,"column":25},"end":{"line":208,"column":71}},"locations":[{"start":{"line":208,"column":25},"end":{"line":208,"column":71}}]},"20":{"type":"branch","line":209,"loc":{"start":{"line":209,"column":23},"end":{"line":209,"column":65}},"locations":[{"start":{"line":209,"column":23},"end":{"line":209,"column":65}}]},"21":{"type":"branch","line":210,"loc":{"start":{"line":210,"column":25},"end":{"line":210,"column":84}},"locations":[{"start":{"line":210,"column":25},"end":{"line":210,"column":84}}]},"22":{"type":"branch","line":211,"loc":{"start":{"line":211,"column":22},"end":{"line":211,"column":62}},"locations":[{"start":{"line":211,"column":22},"end":{"line":211,"column":62}}]},"23":{"type":"branch","line":212,"loc":{"start":{"line":212,"column":23},"end":{"line":212,"column":57}},"locations":[{"start":{"line":212,"column":23},"end":{"line":212,"column":57}}]},"24":{"type":"branch","line":215,"loc":{"start":{"line":215,"column":53},"end":{"line":215,"column":70}},"locations":[{"start":{"line":215,"column":53},"end":{"line":215,"column":70}}]},"25":{"type":"branch","line":227,"loc":{"start":{"line":227,"column":7},"end":{"line":229,"column":1}},"locations":[{"start":{"line":227,"column":7},"end":{"line":229,"column":1}}]},"26":{"type":"branch","line":234,"loc":{"start":{"line":234,"column":7},"end":{"line":236,"column":1}},"locations":[{"start":{"line":234,"column":7},"end":{"line":236,"column":1}}]},"27":{"type":"branch","line":235,"loc":{"start":{"line":235,"column":9},"end":{"line":235,"column":27}},"locations":[{"start":{"line":235,"column":9},"end":{"line":235,"column":27}}]}},"b":{"0":[0],"1":[0],"2":[15],"3":[12],"4":[3],"5":[3],"6":[6],"7":[9],"8":[14],"9":[6],"10":[0],"11":[8],"12":[3],"13":[2],"14":[2],"15":[1],"16":[2],"17":[2],"18":[3],"19":[1],"20":[1],"21":[1],"22":[0],"23":[1],"24":[0],"25":[1],"26":[1],"27":[0]},"fnMap":{"0":{"name":"apiRequest","decl":{"start":{"line":15,"column":0},"end":{"line":54,"column":1}},"loc":{"start":{"line":15,"column":0},"end":{"line":54,"column":1}},"line":15},"1":{"name":"getUser","decl":{"start":{"line":67,"column":0},"end":{"line":69,"column":1}},"loc":{"start":{"line":67,"column":0},"end":{"line":69,"column":1}},"line":67},"2":{"name":"getPreferences","decl":{"start":{"line":100,"column":0},"end":{"line":102,"column":1}},"loc":{"start":{"line":100,"column":0},"end":{"line":102,"column":1}},"line":100},"3":{"name":"savePreferences","decl":{"start":{"line":104,"column":0},"end":{"line":113,"column":1}},"loc":{"start":{"line":104,"column":0},"end":{"line":113,"column":1}},"line":104},"4":{"name":"getNewsApiConfig","decl":{"start":{"line":126,"column":0},"end":{"line":128,"column":1}},"loc":{"start":{"line":126,"column":0},"end":{"line":128,"column":1}},"line":126},"5":{"name":"triggerScraper","decl":{"start":{"line":148,"column":0},"end":{"line":157,"column":1}},"loc":{"start":{"line":148,"column":0},"end":{"line":157,"column":1}},"line":148},"6":{"name":"triggerNewsApi","decl":{"start":{"line":165,"column":0},"end":{"line":174,"column":1}},"loc":{"start":{"line":165,"column":0},"end":{"line":174,"column":1}},"line":165},"7":{"name":"getArticles","decl":{"start":{"line":197,"column":0},"end":{"line":218,"column":1}},"loc":{"start":{"line":197,"column":0},"end":{"line":218,"column":1}},"line":197},"8":{"name":"isGcsApiConfigured","decl":{"start":{"line":227,"column":7},"end":{"line":229,"column":1}},"loc":{"start":{"line":227,"column":7},"end":{"line":229,"column":1}},"line":227},"9":{"name":"getGcsApiUrl","decl":{"start":{"line":234,"column":7},"end":{"line":236,"column":1}},"loc":{"start":{"line":234,"column":7},"end":{"line":236,"column":1}},"line":234}},"f":{"0":15,"1":3,"2":2,"3":2,"4":1,"5":2,"6":2,"7":3,"8":1,"9":1}}
,"C:\\Users\\oktay\\Documents\\aisports-ui\\services\\userPreferencesService.ts": {"path":"C:\\Users\\oktay\\Documents\\aisports-ui\\services\\userPreferencesService.ts","all":false,"statementMap":{"8":{"start":{"line":9,"column":0},"end":{"line":9,"column":42}},"33":{"start":{"line":34,"column":0},"end":{"line":34,"column":53}},"34":{"start":{"line":35,"column":0},"end":{"line":35,"column":22}},"35":{"start":{"line":36,"column":0},"end":{"line":36,"column":17}},"36":{"start":{"line":37,"column":0},"end":{"line":37,"column":20}},"37":{"start":{"line":38,"column":0},"end":{"line":38,"column":25}},"38":{"start":{"line":39,"column":0},"end":{"line":39,"column":4}},"39":{"start":{"line":40,"column":0},"end":{"line":40,"column":19}},"40":{"start":{"line":41,"column":0},"end":{"line":41,"column":2}},"47":{"start":{"line":48,"column":0},"end":{"line":48,"column":80}},"48":{"start":{"line":49,"column":0},"end":{"line":49,"column":7}},"49":{"start":{"line":50,"column":0},"end":{"line":50,"column":52}},"52":{"start":{"line":53,"column":0},"end":{"line":53,"column":12}},"53":{"start":{"line":54,"column":0},"end":{"line":54,"column":29}},"54":{"start":{"line":55,"column":0},"end":{"line":55,"column":53}},"55":{"start":{"line":56,"column":0},"end":{"line":56,"column":82}},"56":{"start":{"line":57,"column":0},"end":{"line":57,"column":6}},"57":{"start":{"line":58,"column":0},"end":{"line":58,"column":19}},"58":{"start":{"line":59,"column":0},"end":{"line":59,"column":55}},"60":{"start":{"line":61,"column":0},"end":{"line":61,"column":31}},"61":{"start":{"line":62,"column":0},"end":{"line":62,"column":3}},"62":{"start":{"line":63,"column":0},"end":{"line":63,"column":1}},"70":{"start":{"line":71,"column":0},"end":{"line":71,"column":38}},"71":{"start":{"line":72,"column":0},"end":{"line":72,"column":16}},"72":{"start":{"line":73,"column":0},"end":{"line":73,"column":30}},"73":{"start":{"line":74,"column":0},"end":{"line":74,"column":21}},"74":{"start":{"line":75,"column":0},"end":{"line":75,"column":7}},"75":{"start":{"line":76,"column":0},"end":{"line":76,"column":41}},"76":{"start":{"line":77,"column":0},"end":{"line":77,"column":55}},"77":{"start":{"line":78,"column":0},"end":{"line":78,"column":21}},"78":{"start":{"line":79,"column":0},"end":{"line":79,"column":43}},"79":{"start":{"line":80,"column":0},"end":{"line":80,"column":8}},"80":{"start":{"line":81,"column":0},"end":{"line":81,"column":7}},"82":{"start":{"line":83,"column":0},"end":{"line":83,"column":50}},"83":{"start":{"line":84,"column":0},"end":{"line":84,"column":16}},"84":{"start":{"line":85,"column":0},"end":{"line":85,"column":19}},"85":{"start":{"line":86,"column":0},"end":{"line":86,"column":54}},"86":{"start":{"line":87,"column":0},"end":{"line":87,"column":17}},"87":{"start":{"line":88,"column":0},"end":{"line":88,"column":3}},"88":{"start":{"line":89,"column":0},"end":{"line":89,"column":1}},"96":{"start":{"line":97,"column":0},"end":{"line":97,"column":40}},"97":{"start":{"line":98,"column":0},"end":{"line":98,"column":16}},"98":{"start":{"line":99,"column":0},"end":{"line":99,"column":35}},"99":{"start":{"line":100,"column":0},"end":{"line":100,"column":29}},"101":{"start":{"line":102,"column":0},"end":{"line":102,"column":47}},"104":{"start":{"line":105,"column":0},"end":{"line":105,"column":36}},"105":{"start":{"line":106,"column":0},"end":{"line":106,"column":15}},"106":{"start":{"line":107,"column":0},"end":{"line":107,"column":15}},"108":{"start":{"line":109,"column":0},"end":{"line":109,"column":49}},"109":{"start":{"line":110,"column":0},"end":{"line":110,"column":70}},"110":{"start":{"line":111,"column":0},"end":{"line":111,"column":34}},"112":{"start":{"line":113,"column":0},"end":{"line":113,"column":66}},"113":{"start":{"line":114,"column":0},"end":{"line":114,"column":4}},"116":{"start":{"line":117,"column":0},"end":{"line":117,"column":40}},"118":{"start":{"line":119,"column":0},"end":{"line":119,"column":17}},"119":{"start":{"line":120,"column":0},"end":{"line":120,"column":1}},"124":{"start":{"line":125,"column":0},"end":{"line":125,"column":61}},"126":{"start":{"line":127,"column":0},"end":{"line":127,"column":43}},"127":{"start":{"line":128,"column":0},"end":{"line":128,"column":16}},"128":{"start":{"line":129,"column":0},"end":{"line":129,"column":35}},"129":{"start":{"line":130,"column":0},"end":{"line":130,"column":21}},"130":{"start":{"line":131,"column":0},"end":{"line":131,"column":9}},"131":{"start":{"line":132,"column":0},"end":{"line":132,"column":20}},"132":{"start":{"line":133,"column":0},"end":{"line":133,"column":30}},"133":{"start":{"line":134,"column":0},"end":{"line":134,"column":3}},"135":{"start":{"line":136,"column":0},"end":{"line":136,"column":40}},"136":{"start":{"line":137,"column":0},"end":{"line":137,"column":9}},"137":{"start":{"line":138,"column":0},"end":{"line":138,"column":54}},"138":{"start":{"line":139,"column":0},"end":{"line":139,"column":47}},"139":{"start":{"line":140,"column":0},"end":{"line":140,"column":21}},"140":{"start":{"line":141,"column":0},"end":{"line":141,"column":66}},"141":{"start":{"line":142,"column":0},"end":{"line":142,"column":5}},"142":{"start":{"line":143,"column":0},"end":{"line":143,"column":12}},"143":{"start":{"line":144,"column":0},"end":{"line":144,"column":1}}},"s":{"8":1,"33":1,"34":1,"35":1,"36":1,"37":1,"38":1,"39":1,"40":1,"47":5,"48":5,"49":5,"52":4,"53":4,"54":5,"55":5,"56":5,"57":5,"58":1,"60":1,"61":1,"62":5,"70":9,"71":9,"72":9,"73":9,"74":9,"75":9,"76":9,"77":9,"78":9,"79":9,"80":9,"82":7,"83":7,"84":9,"85":2,"86":2,"87":2,"88":9,"96":2,"97":2,"98":2,"99":2,"101":2,"104":2,"105":2,"106":2,"108":2,"109":1,"110":1,"112":2,"113":2,"116":2,"118":2,"119":2,"124":1,"126":1,"127":6,"128":6,"129":6,"130":6,"131":6,"132":5,"133":5,"135":6,"136":4,"137":4,"138":4,"139":4,"140":0,"141":0,"142":6,"143":6},"branchMap":{"0":{"type":"branch","line":48,"loc":{"start":{"line":48,"column":0},"end":{"line":63,"column":1}},"locations":[{"start":{"line":48,"column":0},"end":{"line":63,"column":1}}]},"1":{"type":"branch","line":50,"loc":{"start":{"line":50,"column":50},"end":{"line":55,"column":43}},"locations":[{"start":{"line":50,"column":50},"end":{"line":55,"column":43}}]},"2":{"type":"branch","line":55,"loc":{"start":{"line":55,"column":26},"end":{"line":55,"column":53}},"locations":[{"start":{"line":55,"column":26},"end":{"line":55,"column":53}}]},"3":{"type":"branch","line":56,"loc":{"start":{"line":56,"column":23},"end":{"line":56,"column":51}},"locations":[{"start":{"line":56,"column":23},"end":{"line":56,"column":51}}]},"4":{"type":"branch","line":56,"loc":{"start":{"line":56,"column":37},"end":{"line":56,"column":82}},"locations":[{"start":{"line":56,"column":37},"end":{"line":56,"column":82}}]},"5":{"type":"branch","line":58,"loc":{"start":{"line":58,"column":2},"end":{"line":62,"column":3}},"locations":[{"start":{"line":58,"column":2},"end":{"line":62,"column":3}}]},"6":{"type":"branch","line":71,"loc":{"start":{"line":71,"column":0},"end":{"line":89,"column":1}},"locations":[{"start":{"line":71,"column":0},"end":{"line":89,"column":1}}]},"7":{"type":"branch","line":77,"loc":{"start":{"line":77,"column":33},"end":{"line":77,"column":55}},"locations":[{"start":{"line":77,"column":33},"end":{"line":77,"column":55}}]},"8":{"type":"branch","line":81,"loc":{"start":{"line":81,"column":5},"end":{"line":85,"column":11}},"locations":[{"start":{"line":81,"column":5},"end":{"line":85,"column":11}}]},"9":{"type":"branch","line":85,"loc":{"start":{"line":85,"column":2},"end":{"line":88,"column":3}},"locations":[{"start":{"line":85,"column":2},"end":{"line":88,"column":3}}]},"10":{"type":"branch","line":97,"loc":{"start":{"line":97,"column":0},"end":{"line":120,"column":1}},"locations":[{"start":{"line":97,"column":0},"end":{"line":120,"column":1}}]},"11":{"type":"branch","line":109,"loc":{"start":{"line":109,"column":31},"end":{"line":110,"column":70}},"locations":[{"start":{"line":109,"column":31},"end":{"line":110,"column":70}}]},"12":{"type":"branch","line":110,"loc":{"start":{"line":110,"column":69},"end":{"line":111,"column":34}},"locations":[{"start":{"line":110,"column":69},"end":{"line":111,"column":34}}]},"13":{"type":"branch","line":127,"loc":{"start":{"line":127,"column":7},"end":{"line":144,"column":1}},"locations":[{"start":{"line":127,"column":7},"end":{"line":144,"column":1}}]},"14":{"type":"branch","line":132,"loc":{"start":{"line":132,"column":19},"end":{"line":134,"column":3}},"locations":[{"start":{"line":132,"column":19},"end":{"line":134,"column":3}}]},"15":{"type":"branch","line":136,"loc":{"start":{"line":136,"column":27},"end":{"line":143,"column":5}},"locations":[{"start":{"line":136,"column":27},"end":{"line":143,"column":5}}]},"16":{"type":"branch","line":140,"loc":{"start":{"line":140,"column":4},"end":{"line":142,"column":5}},"locations":[{"start":{"line":140,"column":4},"end":{"line":142,"column":5}}]}},"b":{"0":[5],"1":[4],"2":[3],"3":[4],"4":[1],"5":[1],"6":[9],"7":[4],"8":[7],"9":[2],"10":[2],"11":[1],"12":[1],"13":[6],"14":[5],"15":[4],"16":[0]},"fnMap":{"0":{"name":"loadPreferences","decl":{"start":{"line":48,"column":0},"end":{"line":63,"column":1}},"loc":{"start":{"line":48,"column":0},"end":{"line":63,"column":1}},"line":48},"1":{"name":"savePreferences","decl":{"start":{"line":71,"column":0},"end":{"line":89,"column":1}},"loc":{"start":{"line":71,"column":0},"end":{"line":89,"column":1}},"line":71},"2":{"name":"updatePreferences","decl":{"start":{"line":97,"column":0},"end":{"line":120,"column":1}},"loc":{"start":{"line":97,"column":0},"end":{"line":120,"column":1}},"line":97},"3":{"name":"saveScraperConfigDebounced","decl":{"start":{"line":127,"column":7},"end":{"line":144,"column":1}},"loc":{"start":{"line":127,"column":7},"end":{"line":144,"column":1}},"line":127}},"f":{"0":5,"1":9,"2":2,"3":6}}
}
