TN:
SF:components\FetcherTrigger.tsx
FN:6,ChevronDownIcon
FN:10,PlayIcon
FN:19,getDefaultMergedKeywords
FN:25,FetcherTrigger
FN:35,loadUserKeywords
FN:58,handleTrigger
FN:100,onClick
FN:115,onClick
FN:150,onChange
FN:151,onClick
FN:152,onKeyDown
FNF:11
FNH:11
FNDA:52,ChevronDownIcon
FNDA:48,PlayIcon
FNDA:52,getDefaultMergedKeywords
FNDA:52,FetcherTrigger
FNDA:14,loadUserKeywords
FNDA:4,handleTrigger
FNDA:1,onClick
FNDA:4,onClick
FNDA:15,onChange
FNDA:1,onClick
FNDA:13,onKeyDown
DA:1,1
DA:2,1
DA:3,1
DA:4,1
DA:6,1
DA:7,52
DA:10,1
DA:11,48
DA:19,1
DA:20,52
DA:21,52
DA:22,52
DA:23,52
DA:25,1
DA:26,52
DA:27,52
DA:28,52
DA:29,52
DA:32,52
DA:33,17
DA:35,14
DA:36,14
DA:37,14
DA:40,14
DA:41,14
DA:44,14
DA:45,14
DA:46,14
DA:47,14
DA:48,1
DA:50,14
DA:51,13
DA:52,13
DA:53,14
DA:55,14
DA:56,52
DA:58,52
DA:59,4
DA:61,4
DA:64,4
DA:65,4
DA:66,4
DA:67,4
DA:69,4
DA:70,4
DA:71,4
DA:72,4
DA:73,4
DA:74,4
DA:76,2
DA:77,2
DA:78,4
DA:79,1
DA:80,1
DA:81,4
DA:82,3
DA:83,3
DA:84,4
DA:86,52
DA:88,52
DA:89,52
DA:90,52
DA:91,52
DA:92,52
DA:93,52
DA:94,52
DA:95,52
DA:97,52
DA:98,52
DA:99,52
DA:100,52
DA:102,52
DA:103,52
DA:104,52
DA:105,52
DA:106,52
DA:107,52
DA:108,35
DA:109,17
DA:110,52
DA:111,52
DA:112,52
DA:113,52
DA:114,52
DA:115,52
DA:116,4
DA:117,4
DA:118,4
DA:119,52
DA:120,52
DA:122,52
DA:123,4
DA:125,48
DA:126,48
DA:128,48
DA:130,52
DA:131,52
DA:132,52
DA:133,52
DA:134,52
DA:135,52
DA:137,52
DA:138,51
DA:140,51
DA:141,51
DA:143,51
DA:144,51
DA:145,17
DA:147,34
DA:148,34
DA:149,34
DA:150,34
DA:151,34
DA:152,34
DA:153,34
DA:154,34
DA:155,34
DA:157,51
DA:159,51
DA:160,51
DA:161,51
DA:163,52
DA:164,52
DA:166,52
LF:124
LH:124
BRDA:6,0,0,52
BRDA:10,1,0,48
BRDA:19,2,0,52
BRDA:25,3,0,52
BRDA:107,4,0,35
BRDA:108,5,0,17
BRDA:119,6,0,50
BRDA:119,7,0,46
BRDA:122,8,0,4
BRDA:123,9,0,48
BRDA:131,10,0,51
BRDA:131,11,0,1
BRDA:137,12,0,51
BRDA:144,13,0,17
BRDA:145,14,0,34
BRDA:32,15,0,17
BRDA:33,16,0,3
BRDA:33,17,0,14
BRDA:35,18,0,14
BRDA:37,19,0,12
BRDA:40,20,0,0
BRDA:41,21,0,12
BRDA:41,22,0,0
BRDA:47,23,0,1
BRDA:50,24,0,13
BRDA:58,25,0,4
BRDA:59,26,0,0
BRDA:74,27,0,2
BRDA:78,28,0,1
BRDA:81,29,0,3
BRDA:66,30,0,12
BRDA:67,31,0,12
BRDA:86,32,0,135
BRDA:100,33,0,1
BRDA:115,34,0,4
BRDA:150,35,0,15
BRDA:151,36,0,1
BRDA:152,37,0,13
BRF:38
BRH:35
end_of_record
TN:
SF:components\ScraperTrigger.tsx
FN:6,ChevronDownIcon
FN:10,PlayIcon
FN:14,PlusIcon
FN:18,TrashIcon
FN:37,RegionPanel
FN:56,handleAddSource
FN:80,onClick
FN:112,onChange
FN:113,onClick
FN:114,onKeyDown
FN:127,onClick
FN:144,onChange
FN:145,onClick
FN:146,onKeyDown
FN:153,onChange
FN:154,onClick
FN:155,onKeyDown
FN:161,onClick
FN:171,onClick
FN:198,onChange
FN:199,onClick
FN:204,onClick
FN:210,onClick
FN:233,onChange
FN:247,ScraperTrigger
FN:263,loadUserPreferences
FN:299,handleTrigger
FN:326,toggleSource
FN:338,updateKeywords
FN:356,updateScrapeDepth
FN:362,addSource
FN:372,deleteSource
FN:396,onToggleExpand
FN:397,onTrigger
FN:398,onToggleSource
FN:399,onUpdateKeywords
FN:400,onUpdateScrapeDepth
FN:401,onAddSource
FN:402,onDeleteSource
FN:410,onToggleExpand
FN:411,onTrigger
FN:412,onToggleSource
FN:413,onUpdateKeywords
FN:414,onUpdateScrapeDepth
FN:415,onAddSource
FN:416,onDeleteSource
FNF:46
FNH:40
FNDA:259,ChevronDownIcon
FNDA:251,PlayIcon
FNDA:104,PlusIcon
FNDA:1754,TrashIcon
FNDA:259,RegionPanel
FNDA:1,handleAddSource
FNDA:9,onClick
FNDA:39,onChange
FNDA:3,onClick
FNDA:37,onKeyDown
FNDA:4,onClick
FNDA:15,onChange
FNDA:1,onClick
FNDA:15,onKeyDown
FNDA:19,onChange
FNDA:1,onClick
FNDA:19,onKeyDown
FNDA:1,onClick
FNDA:1,onClick
FNDA:1,onChange
FNDA:1,onClick
FNDA:0,onClick
FNDA:2,onClick
FNDA:1,onChange
FNDA:110,ScraperTrigger
FNDA:29,loadUserPreferences
FNDA:9,handleTrigger
FNDA:1,toggleSource
FNDA:39,updateKeywords
FNDA:1,updateScrapeDepth
FNDA:1,addSource
FNDA:1,deleteSource
FNDA:17,onToggleExpand
FNDA:7,onTrigger
FNDA:1,onToggleSource
FNDA:39,onUpdateKeywords
FNDA:1,onUpdateScrapeDepth
FNDA:1,onAddSource
FNDA:1,onDeleteSource
FNDA:2,onToggleExpand
FNDA:2,onTrigger
FNDA:0,onToggleSource
FNDA:0,onUpdateKeywords
FNDA:0,onUpdateScrapeDepth
FNDA:0,onAddSource
FNDA:0,onDeleteSource
DA:1,1
DA:2,1
DA:3,1
DA:4,1
DA:6,1
DA:7,259
DA:10,1
DA:11,251
DA:14,1
DA:15,104
DA:18,1
DA:19,1754
DA:37,1
DA:38,259
DA:39,259
DA:40,259
DA:41,259
DA:42,259
DA:43,259
DA:44,259
DA:45,259
DA:46,259
DA:47,259
DA:48,259
DA:49,259
DA:50,259
DA:51,259
DA:52,259
DA:53,259
DA:54,259
DA:56,259
DA:57,1
DA:58,1
DA:59,1
DA:60,1
DA:61,1
DA:62,1
DA:63,1
DA:65,259
DA:66,259
DA:67,259
DA:68,259
DA:69,259
DA:71,259
DA:72,259
DA:73,259
DA:74,259
DA:75,259
DA:76,259
DA:77,259
DA:78,259
DA:79,259
DA:80,259
DA:81,9
DA:82,9
DA:83,9
DA:84,259
DA:85,259
DA:87,259
DA:88,8
DA:90,251
DA:91,251
DA:93,251
DA:95,259
DA:96,259
DA:97,259
DA:98,259
DA:99,259
DA:100,259
DA:102,259
DA:103,104
DA:105,104
DA:106,104
DA:108,104
DA:109,104
DA:110,104
DA:111,104
DA:112,104
DA:113,104
DA:114,104
DA:115,104
DA:116,104
DA:117,104
DA:118,104
DA:121,104
DA:122,104
DA:123,104
DA:125,104
DA:126,104
DA:127,104
DA:128,4
DA:129,4
DA:130,4
DA:131,104
DA:133,104
DA:135,104
DA:136,104
DA:139,104
DA:140,38
DA:141,38
DA:142,38
DA:143,38
DA:144,38
DA:145,38
DA:146,38
DA:147,38
DA:148,38
DA:149,38
DA:150,38
DA:151,38
DA:152,38
DA:153,38
DA:154,38
DA:155,38
DA:156,38
DA:157,38
DA:158,38
DA:159,38
DA:160,38
DA:161,38
DA:162,1
DA:163,1
DA:164,1
DA:165,38
DA:166,38
DA:167,38
DA:169,38
DA:170,38
DA:171,38
DA:172,1
DA:173,1
DA:174,1
DA:175,1
DA:176,1
DA:177,38
DA:178,38
DA:180,38
DA:181,38
DA:182,38
DA:185,104
DA:186,104
DA:187,1754
DA:188,1754
DA:189,1754
DA:190,1754
DA:191,1753
DA:192,1
DA:193,1754
DA:195,1754
DA:196,1754
DA:197,1754
DA:198,1754
DA:199,1754
DA:200,1754
DA:201,1754
DA:202,1754
DA:203,1754
DA:204,1754
DA:206,1754
DA:207,1754
DA:208,1754
DA:209,1754
DA:210,1754
DA:211,2
DA:212,2
DA:213,1
DA:214,1
DA:215,2
DA:216,1754
DA:217,1754
DA:219,1754
DA:220,1754
DA:221,1754
DA:222,104
DA:223,104
DA:224,104
DA:227,104
DA:228,104
DA:230,104
DA:231,104
DA:232,104
DA:233,104
DA:234,104
DA:236,104
DA:237,104
DA:238,104
DA:239,104
DA:240,104
DA:241,104
DA:243,259
DA:245,259
DA:247,1
DA:248,110
DA:249,110
DA:250,110
DA:251,110
DA:252,110
DA:253,110
DA:254,110
DA:257,110
DA:260,110
DA:261,31
DA:263,29
DA:264,29
DA:265,29
DA:267,29
DA:268,29
DA:269,29
DA:270,29
DA:271,29
DA:272,29
DA:273,29
DA:274,29
DA:275,29
DA:276,29
DA:277,29
DA:279,29
DA:280,6
DA:281,29
DA:282,29
DA:284,29
DA:285,110
DA:288,110
DA:289,75
DA:291,13
DA:292,13
DA:293,13
DA:294,13
DA:296,13
DA:297,110
DA:299,110
DA:300,9
DA:302,8
DA:304,9
DA:305,9
DA:307,9
DA:308,9
DA:309,9
DA:310,9
DA:311,9
DA:312,9
DA:313,9
DA:314,9
DA:316,6
DA:317,6
DA:318,9
DA:319,1
DA:320,1
DA:321,9
DA:322,7
DA:323,7
DA:324,9
DA:326,110
DA:327,1
DA:328,1
DA:330,1
DA:331,1
DA:332,1
DA:333,17
DA:334,1
DA:335,1
DA:336,1
DA:338,110
DA:340,39
DA:341,39
DA:342,39
DA:343,0
DA:344,0
DA:347,39
DA:348,39
DA:350,39
DA:351,39
DA:352,39
DA:353,39
DA:354,39
DA:356,110
DA:357,1
DA:358,1
DA:359,1
DA:360,1
DA:362,110
DA:363,1
DA:364,1
DA:365,1
DA:366,1
DA:367,1
DA:368,1
DA:369,1
DA:370,1
DA:372,110
DA:373,1
DA:374,1
DA:375,1
DA:376,1
DA:377,1
DA:378,1
DA:379,1
DA:381,110
DA:382,110
DA:383,110
DA:384,110
DA:385,110
DA:386,110
DA:387,110
DA:388,110
DA:390,110
DA:391,110
DA:392,110
DA:393,110
DA:394,110
DA:395,110
DA:396,110
DA:397,110
DA:398,110
DA:399,110
DA:400,110
DA:401,110
DA:402,110
DA:403,110
DA:404,110
DA:405,110
DA:406,110
DA:407,110
DA:408,110
DA:409,110
DA:410,110
DA:411,110
DA:412,110
DA:413,110
DA:414,110
DA:415,110
DA:416,110
DA:417,110
DA:418,110
DA:420,110
LF:335
LH:333
BRDA:6,0,0,259
BRDA:10,1,0,251
BRDA:14,2,0,104
BRDA:18,3,0,1754
BRDA:37,4,0,259
BRDA:72,5,0,149
BRDA:72,6,0,110
BRDA:87,7,0,8
BRDA:88,8,0,251
BRDA:96,9,0,104
BRDA:96,10,0,155
BRDA:102,11,0,104
BRDA:139,12,0,38
BRDA:165,13,0,34
BRDA:54,14,0,3633
BRDA:56,15,0,1
BRDA:80,16,0,9
BRDA:112,17,0,39
BRDA:113,18,0,3
BRDA:114,19,0,37
BRDA:127,20,0,4
BRDA:144,21,0,15
BRDA:145,22,0,1
BRDA:146,23,0,15
BRDA:153,24,0,19
BRDA:154,25,0,1
BRDA:155,26,0,19
BRDA:161,27,0,1
BRDA:171,28,0,1
BRDA:186,29,0,1754
BRDA:190,30,0,1753
BRDA:191,31,0,1
BRDA:198,32,0,1
BRDA:199,33,0,1
BRDA:210,34,0,2
BRDA:212,35,0,1
BRDA:233,36,0,1
BRDA:247,37,0,110
BRDA:260,38,0,31
BRDA:261,39,0,2
BRDA:261,40,0,29
BRDA:263,41,0,29
BRDA:279,42,0,6
BRDA:288,43,0,75
BRDA:289,44,0,73
BRDA:289,45,0,62
BRDA:289,46,0,13
BRDA:299,47,0,9
BRDA:300,48,0,1
BRDA:300,49,0,8
BRDA:304,50,0,6
BRDA:304,51,0,2
BRDA:314,52,0,6
BRDA:318,53,0,1
BRDA:321,54,0,7
BRDA:305,55,0,122
BRDA:310,56,0,122
BRDA:326,57,0,1
BRDA:327,58,0,0
BRDA:328,59,0,0
BRDA:332,60,0,17
BRDA:333,61,0,1
BRDA:333,62,0,16
BRDA:338,63,0,39
BRDA:342,64,0,0
BRDA:347,65,0,0
BRDA:348,66,0,0
BRDA:352,67,0,91
BRDA:356,68,0,1
BRDA:357,69,0,0
BRDA:358,70,0,0
BRDA:362,71,0,1
BRDA:363,72,0,0
BRDA:364,73,0,0
BRDA:372,74,0,1
BRDA:373,75,0,0
BRDA:374,76,0,0
BRDA:377,77,0,17
BRDA:396,78,0,17
BRDA:396,79,0,1
BRDA:396,80,0,16
BRDA:397,81,0,7
BRDA:398,82,0,1
BRDA:399,83,0,39
BRDA:400,84,0,1
BRDA:401,85,0,1
BRDA:402,86,0,1
BRDA:410,87,0,2
BRDA:410,88,0,0
BRDA:411,89,0,2
BRF:90
BRH:78
end_of_record
TN:
SF:services\dataService.ts
FN:882,fetchNews
FN:943,fetchDiffArticles
FNF:2
FNH:2
FNDA:9,fetchNews
FNDA:7,fetchDiffArticles
DA:1,1
DA:3,1
DA:4,1
DA:5,1
DA:6,1
DA:7,1
DA:8,1
DA:9,1
DA:10,1
DA:11,1
DA:12,1
DA:13,1
DA:14,1
DA:15,1
DA:16,1
DA:17,1
DA:18,1
DA:19,1
DA:20,1
DA:21,1
DA:22,1
DA:23,1
DA:24,1
DA:25,1
DA:26,1
DA:27,1
DA:28,1
DA:29,1
DA:30,1
DA:31,1
DA:32,1
DA:33,1
DA:34,1
DA:35,1
DA:36,1
DA:37,1
DA:38,1
DA:39,1
DA:40,1
DA:41,1
DA:42,1
DA:43,1
DA:44,1
DA:45,1
DA:46,1
DA:47,1
DA:48,1
DA:49,1
DA:50,1
DA:51,1
DA:52,1
DA:53,1
DA:54,1
DA:55,1
DA:56,1
DA:57,1
DA:58,1
DA:59,1
DA:60,1
DA:61,1
DA:62,1
DA:63,1
DA:64,1
DA:65,1
DA:66,1
DA:67,1
DA:68,1
DA:69,1
DA:70,1
DA:71,1
DA:72,1
DA:73,1
DA:74,1
DA:75,1
DA:76,1
DA:77,1
DA:78,1
DA:79,1
DA:80,1
DA:81,1
DA:82,1
DA:83,1
DA:84,1
DA:85,1
DA:86,1
DA:87,1
DA:88,1
DA:89,1
DA:90,1
DA:91,1
DA:92,1
DA:93,1
DA:94,1
DA:95,1
DA:96,1
DA:97,1
DA:98,1
DA:99,1
DA:100,1
DA:101,1
DA:102,1
DA:103,1
DA:104,1
DA:105,1
DA:106,1
DA:107,1
DA:108,1
DA:109,1
DA:110,1
DA:111,1
DA:112,1
DA:113,1
DA:114,1
DA:115,1
DA:116,1
DA:117,1
DA:118,1
DA:119,1
DA:120,1
DA:121,1
DA:122,1
DA:123,1
DA:124,1
DA:125,1
DA:126,1
DA:127,1
DA:128,1
DA:129,1
DA:130,1
DA:131,1
DA:132,1
DA:133,1
DA:134,1
DA:135,1
DA:136,1
DA:137,1
DA:138,1
DA:139,1
DA:140,1
DA:141,1
DA:142,1
DA:143,1
DA:144,1
DA:145,1
DA:146,1
DA:147,1
DA:148,1
DA:149,1
DA:150,1
DA:151,1
DA:152,1
DA:153,1
DA:154,1
DA:155,1
DA:156,1
DA:157,1
DA:158,1
DA:159,1
DA:160,1
DA:161,1
DA:162,1
DA:163,1
DA:164,1
DA:165,1
DA:166,1
DA:167,1
DA:168,1
DA:169,1
DA:170,1
DA:171,1
DA:172,1
DA:173,1
DA:174,1
DA:175,1
DA:176,1
DA:177,1
DA:178,1
DA:179,1
DA:180,1
DA:181,1
DA:182,1
DA:183,1
DA:184,1
DA:185,1
DA:186,1
DA:187,1
DA:188,1
DA:189,1
DA:190,1
DA:191,1
DA:192,1
DA:193,1
DA:194,1
DA:195,1
DA:196,1
DA:197,1
DA:198,1
DA:199,1
DA:200,1
DA:201,1
DA:202,1
DA:203,1
DA:204,1
DA:205,1
DA:206,1
DA:207,1
DA:208,1
DA:209,1
DA:210,1
DA:211,1
DA:212,1
DA:213,1
DA:214,1
DA:215,1
DA:216,1
DA:217,1
DA:218,1
DA:219,1
DA:220,1
DA:221,1
DA:222,1
DA:223,1
DA:224,1
DA:225,1
DA:226,1
DA:227,1
DA:228,1
DA:229,1
DA:230,1
DA:231,1
DA:232,1
DA:233,1
DA:234,1
DA:235,1
DA:236,1
DA:237,1
DA:238,1
DA:239,1
DA:240,1
DA:241,1
DA:242,1
DA:243,1
DA:244,1
DA:245,1
DA:246,1
DA:247,1
DA:248,1
DA:249,1
DA:250,1
DA:251,1
DA:252,1
DA:253,1
DA:254,1
DA:255,1
DA:256,1
DA:257,1
DA:258,1
DA:259,1
DA:260,1
DA:261,1
DA:262,1
DA:263,1
DA:264,1
DA:265,1
DA:266,1
DA:267,1
DA:268,1
DA:269,1
DA:270,1
DA:271,1
DA:272,1
DA:273,1
DA:274,1
DA:275,1
DA:276,1
DA:277,1
DA:278,1
DA:279,1
DA:280,1
DA:281,1
DA:282,1
DA:283,1
DA:284,1
DA:285,1
DA:286,1
DA:287,1
DA:288,1
DA:289,1
DA:290,1
DA:291,1
DA:292,1
DA:293,1
DA:294,1
DA:295,1
DA:296,1
DA:297,1
DA:298,1
DA:299,1
DA:300,1
DA:301,1
DA:302,1
DA:303,1
DA:304,1
DA:305,1
DA:306,1
DA:307,1
DA:308,1
DA:309,1
DA:310,1
DA:311,1
DA:312,1
DA:313,1
DA:314,1
DA:315,1
DA:316,1
DA:317,1
DA:318,1
DA:319,1
DA:320,1
DA:321,1
DA:322,1
DA:323,1
DA:324,1
DA:325,1
DA:326,1
DA:327,1
DA:328,1
DA:329,1
DA:330,1
DA:331,1
DA:332,1
DA:333,1
DA:334,1
DA:335,1
DA:336,1
DA:337,1
DA:338,1
DA:339,1
DA:340,1
DA:341,1
DA:342,1
DA:343,1
DA:344,1
DA:345,1
DA:346,1
DA:347,1
DA:348,1
DA:349,1
DA:350,1
DA:351,1
DA:352,1
DA:353,1
DA:354,1
DA:355,1
DA:356,1
DA:357,1
DA:358,1
DA:359,1
DA:360,1
DA:361,1
DA:362,1
DA:363,1
DA:364,1
DA:365,1
DA:366,1
DA:367,1
DA:368,1
DA:369,1
DA:370,1
DA:371,1
DA:372,1
DA:373,1
DA:374,1
DA:375,1
DA:376,1
DA:377,1
DA:378,1
DA:379,1
DA:380,1
DA:381,1
DA:382,1
DA:383,1
DA:384,1
DA:385,1
DA:386,1
DA:387,1
DA:388,1
DA:389,1
DA:390,1
DA:391,1
DA:392,1
DA:393,1
DA:394,1
DA:395,1
DA:396,1
DA:397,1
DA:398,1
DA:399,1
DA:400,1
DA:401,1
DA:402,1
DA:403,1
DA:404,1
DA:405,1
DA:406,1
DA:407,1
DA:408,1
DA:409,1
DA:410,1
DA:411,1
DA:412,1
DA:413,1
DA:414,1
DA:415,1
DA:416,1
DA:417,1
DA:418,1
DA:419,1
DA:420,1
DA:421,1
DA:422,1
DA:423,1
DA:424,1
DA:425,1
DA:426,1
DA:427,1
DA:428,1
DA:429,1
DA:430,1
DA:431,1
DA:432,1
DA:433,1
DA:434,1
DA:435,1
DA:436,1
DA:437,1
DA:438,1
DA:439,1
DA:440,1
DA:441,1
DA:442,1
DA:443,1
DA:444,1
DA:445,1
DA:446,1
DA:447,1
DA:448,1
DA:449,1
DA:450,1
DA:451,1
DA:452,1
DA:453,1
DA:454,1
DA:455,1
DA:456,1
DA:457,1
DA:458,1
DA:459,1
DA:460,1
DA:461,1
DA:462,1
DA:463,1
DA:464,1
DA:465,1
DA:466,1
DA:467,1
DA:468,1
DA:469,1
DA:470,1
DA:471,1
DA:472,1
DA:473,1
DA:474,1
DA:475,1
DA:476,1
DA:477,1
DA:478,1
DA:479,1
DA:480,1
DA:481,1
DA:482,1
DA:483,1
DA:484,1
DA:485,1
DA:486,1
DA:487,1
DA:488,1
DA:489,1
DA:490,1
DA:491,1
DA:492,1
DA:493,1
DA:494,1
DA:495,1
DA:496,1
DA:497,1
DA:498,1
DA:499,1
DA:500,1
DA:501,1
DA:502,1
DA:503,1
DA:504,1
DA:505,1
DA:506,1
DA:507,1
DA:508,1
DA:509,1
DA:510,1
DA:511,1
DA:512,1
DA:513,1
DA:514,1
DA:515,1
DA:516,1
DA:517,1
DA:518,1
DA:519,1
DA:520,1
DA:521,1
DA:522,1
DA:523,1
DA:524,1
DA:525,1
DA:526,1
DA:527,1
DA:528,1
DA:529,1
DA:530,1
DA:531,1
DA:532,1
DA:533,1
DA:534,1
DA:535,1
DA:536,1
DA:537,1
DA:538,1
DA:539,1
DA:540,1
DA:541,1
DA:542,1
DA:543,1
DA:544,1
DA:545,1
DA:546,1
DA:547,1
DA:548,1
DA:549,1
DA:550,1
DA:551,1
DA:552,1
DA:553,1
DA:554,1
DA:555,1
DA:556,1
DA:557,1
DA:558,1
DA:559,1
DA:560,1
DA:561,1
DA:562,1
DA:563,1
DA:564,1
DA:565,1
DA:566,1
DA:567,1
DA:568,1
DA:569,1
DA:570,1
DA:571,1
DA:572,1
DA:573,1
DA:574,1
DA:575,1
DA:576,1
DA:577,1
DA:578,1
DA:579,1
DA:580,1
DA:581,1
DA:582,1
DA:583,1
DA:584,1
DA:585,1
DA:586,1
DA:587,1
DA:588,1
DA:589,1
DA:590,1
DA:591,1
DA:592,1
DA:593,1
DA:594,1
DA:595,1
DA:596,1
DA:597,1
DA:598,1
DA:599,1
DA:600,1
DA:601,1
DA:602,1
DA:603,1
DA:604,1
DA:605,1
DA:606,1
DA:607,1
DA:608,1
DA:609,1
DA:610,1
DA:611,1
DA:612,1
DA:613,1
DA:614,1
DA:615,1
DA:616,1
DA:617,1
DA:618,1
DA:619,1
DA:620,1
DA:621,1
DA:622,1
DA:623,1
DA:624,1
DA:625,1
DA:626,1
DA:627,1
DA:628,1
DA:629,1
DA:630,1
DA:631,1
DA:632,1
DA:633,1
DA:634,1
DA:635,1
DA:636,1
DA:637,1
DA:638,1
DA:639,1
DA:640,1
DA:641,1
DA:642,1
DA:643,1
DA:644,1
DA:645,1
DA:646,1
DA:647,1
DA:648,1
DA:649,1
DA:650,1
DA:651,1
DA:652,1
DA:653,1
DA:654,1
DA:655,1
DA:656,1
DA:657,1
DA:658,1
DA:659,1
DA:660,1
DA:661,1
DA:662,1
DA:663,1
DA:664,1
DA:665,1
DA:666,1
DA:667,1
DA:668,1
DA:669,1
DA:670,1
DA:671,1
DA:672,1
DA:673,1
DA:674,1
DA:675,1
DA:676,1
DA:677,1
DA:678,1
DA:679,1
DA:680,1
DA:681,1
DA:682,1
DA:683,1
DA:684,1
DA:685,1
DA:686,1
DA:687,1
DA:688,1
DA:689,1
DA:690,1
DA:691,1
DA:692,1
DA:693,1
DA:694,1
DA:695,1
DA:696,1
DA:697,1
DA:698,1
DA:699,1
DA:700,1
DA:701,1
DA:702,1
DA:703,1
DA:704,1
DA:705,1
DA:706,1
DA:707,1
DA:708,1
DA:709,1
DA:710,1
DA:711,1
DA:712,1
DA:713,1
DA:714,1
DA:715,1
DA:716,1
DA:717,1
DA:718,1
DA:719,1
DA:720,1
DA:721,1
DA:722,1
DA:723,1
DA:724,1
DA:725,1
DA:726,1
DA:727,1
DA:728,1
DA:729,1
DA:730,1
DA:731,1
DA:732,1
DA:733,1
DA:734,1
DA:735,1
DA:736,1
DA:737,1
DA:738,1
DA:739,1
DA:740,1
DA:741,1
DA:742,1
DA:743,1
DA:744,1
DA:745,1
DA:746,1
DA:747,1
DA:748,1
DA:749,1
DA:750,1
DA:751,1
DA:752,1
DA:753,1
DA:754,1
DA:755,1
DA:756,1
DA:757,1
DA:758,1
DA:759,1
DA:760,1
DA:761,1
DA:762,1
DA:763,1
DA:764,1
DA:765,1
DA:766,1
DA:767,1
DA:768,1
DA:769,1
DA:770,1
DA:771,1
DA:772,1
DA:773,1
DA:774,1
DA:775,1
DA:776,1
DA:777,1
DA:778,1
DA:779,1
DA:780,1
DA:781,1
DA:782,1
DA:783,1
DA:784,1
DA:785,1
DA:786,1
DA:787,1
DA:788,1
DA:789,1
DA:790,1
DA:791,1
DA:792,1
DA:793,1
DA:794,1
DA:795,1
DA:796,1
DA:797,1
DA:798,1
DA:799,1
DA:800,1
DA:801,1
DA:802,1
DA:803,1
DA:804,1
DA:805,1
DA:806,1
DA:807,1
DA:808,1
DA:809,1
DA:810,1
DA:811,1
DA:812,1
DA:813,1
DA:814,1
DA:815,1
DA:816,1
DA:817,1
DA:818,1
DA:819,1
DA:820,1
DA:821,1
DA:822,1
DA:823,1
DA:824,1
DA:825,1
DA:826,1
DA:827,1
DA:828,1
DA:829,1
DA:830,1
DA:831,1
DA:832,1
DA:833,1
DA:834,1
DA:835,1
DA:836,1
DA:837,1
DA:838,1
DA:839,1
DA:840,1
DA:841,1
DA:842,1
DA:843,1
DA:844,1
DA:845,1
DA:846,1
DA:847,1
DA:848,1
DA:849,1
DA:850,1
DA:851,1
DA:852,1
DA:853,1
DA:854,1
DA:855,1
DA:856,1
DA:857,1
DA:858,1
DA:859,1
DA:860,1
DA:861,1
DA:862,1
DA:863,1
DA:864,1
DA:865,1
DA:866,1
DA:867,1
DA:868,1
DA:869,1
DA:870,1
DA:871,1
DA:872,1
DA:873,1
DA:874,1
DA:875,1
DA:876,1
DA:877,1
DA:878,1
DA:879,1
DA:880,1
DA:882,1
DA:883,9
DA:884,9
DA:885,9
DA:886,9
DA:887,9
DA:888,9
DA:889,9
DA:890,9
DA:891,9
DA:892,9
DA:894,9
DA:895,0
DA:896,0
DA:897,0
DA:899,9
DA:900,9
DA:901,1
DA:902,1
DA:903,9
DA:904,1
DA:905,1
DA:906,9
DA:907,1
DA:908,1
DA:910,9
DA:911,9
DA:912,9
DA:914,9
DA:915,9
DA:916,9
DA:918,9
DA:919,9
DA:921,9
DA:922,1
DA:923,1
DA:924,1
DA:926,7
DA:927,7
DA:928,9
DA:929,6
DA:930,6
DA:932,7
DA:933,12
DA:934,12
DA:935,12
DA:936,7
DA:937,9
DA:938,1
DA:939,1
DA:940,1
DA:941,9
DA:943,1
DA:944,7
DA:945,7
DA:946,7
DA:947,7
DA:948,7
DA:949,7
DA:950,7
DA:951,7
DA:953,7
DA:954,0
DA:955,0
DA:956,0
DA:958,7
DA:959,7
DA:960,1
DA:961,1
DA:962,7
DA:963,1
DA:964,1
DA:965,7
DA:966,1
DA:967,1
DA:969,7
DA:970,7
DA:971,7
DA:973,7
DA:974,7
DA:975,7
DA:977,7
DA:978,7
DA:980,7
DA:981,1
DA:982,1
DA:983,1
DA:985,5
DA:986,5
DA:988,5
DA:989,7
DA:990,1
DA:991,1
DA:992,1
DA:993,7
LF:974
LH:968
BRDA:882,0,0,9
BRDA:894,1,0,0
BRDA:900,2,0,1
BRDA:900,3,0,1
BRDA:903,4,0,1
BRDA:906,5,0,1
BRDA:919,6,0,8
BRDA:921,7,0,1
BRDA:924,8,0,7
BRDA:928,9,0,6
BRDA:930,10,0,7
BRDA:937,11,0,1
BRDA:932,12,0,12
BRDA:943,13,0,7
BRDA:953,14,0,0
BRDA:959,15,0,1
BRDA:959,16,0,1
BRDA:962,17,0,1
BRDA:965,18,0,1
BRDA:978,19,0,6
BRDA:980,20,0,1
BRDA:983,21,0,5
BRDA:989,22,0,1
BRF:23
BRH:21
end_of_record
TN:
SF:services\gcsApiService.ts
FN:15,apiRequest
FN:67,getUser
FN:100,getPreferences
FN:104,savePreferences
FN:126,getNewsApiConfig
FN:148,triggerScraper
FN:165,triggerNewsApi
FN:197,getArticles
FN:227,isGcsApiConfigured
FN:234,getGcsApiUrl
FNF:10
FNH:10
FNDA:15,apiRequest
FNDA:3,getUser
FNDA:2,getPreferences
FNDA:2,savePreferences
FNDA:1,getNewsApiConfig
FNDA:2,triggerScraper
FNDA:2,triggerNewsApi
FNDA:3,getArticles
FNDA:1,isGcsApiConfigured
FNDA:1,getGcsApiUrl
DA:9,1
DA:10,1
DA:15,15
DA:16,15
DA:17,15
DA:22,15
DA:23,15
DA:24,15
DA:26,15
DA:27,15
DA:28,15
DA:31,15
DA:32,12
DA:33,12
DA:36,15
DA:37,3
DA:38,3
DA:40,15
DA:42,15
DA:43,15
DA:44,15
DA:45,15
DA:46,15
DA:48,15
DA:49,6
DA:50,6
DA:51,6
DA:53,8
DA:54,8
DA:67,3
DA:68,3
DA:69,3
DA:100,2
DA:101,2
DA:102,2
DA:104,2
DA:105,2
DA:106,2
DA:107,2
DA:108,2
DA:109,2
DA:110,2
DA:111,2
DA:112,2
DA:113,2
DA:126,1
DA:127,1
DA:128,1
DA:148,2
DA:149,2
DA:150,2
DA:151,2
DA:152,2
DA:153,2
DA:154,2
DA:155,2
DA:156,2
DA:157,2
DA:165,2
DA:166,2
DA:167,2
DA:168,2
DA:169,2
DA:170,2
DA:171,2
DA:172,2
DA:173,2
DA:174,2
DA:197,3
DA:204,3
DA:205,3
DA:207,3
DA:208,3
DA:209,3
DA:210,3
DA:211,3
DA:212,3
DA:214,3
DA:215,3
DA:217,3
DA:218,3
DA:227,1
DA:228,1
DA:229,1
DA:234,1
DA:235,1
DA:236,1
LF:87
LH:87
BRDA:9,0,0,0
BRDA:9,1,0,0
BRDA:15,2,0,15
BRDA:31,3,0,12
BRDA:36,4,0,3
BRDA:36,5,0,3
BRDA:45,6,0,6
BRDA:45,7,0,9
BRDA:46,8,0,14
BRDA:48,9,0,6
BRDA:50,10,0,0
BRDA:51,11,0,8
BRDA:67,12,0,3
BRDA:100,13,0,2
BRDA:104,14,0,2
BRDA:126,15,0,1
BRDA:148,16,0,2
BRDA:165,17,0,2
BRDA:197,18,0,3
BRDA:208,19,0,1
BRDA:209,20,0,1
BRDA:210,21,0,1
BRDA:211,22,0,0
BRDA:212,23,0,1
BRDA:215,24,0,0
BRDA:227,25,0,1
BRDA:234,26,0,1
BRDA:235,27,0,0
BRF:28
BRH:22
end_of_record
TN:
SF:services\userPreferencesService.ts
FN:48,loadPreferences
FN:71,savePreferences
FN:97,updatePreferences
FN:127,saveScraperConfigDebounced
FNF:4
FNH:4
FNDA:5,loadPreferences
FNDA:9,savePreferences
FNDA:2,updatePreferences
FNDA:6,saveScraperConfigDebounced
DA:9,1
DA:34,1
DA:35,1
DA:36,1
DA:37,1
DA:38,1
DA:39,1
DA:40,1
DA:41,1
DA:48,5
DA:49,5
DA:50,5
DA:53,4
DA:54,4
DA:55,5
DA:56,5
DA:57,5
DA:58,5
DA:59,1
DA:61,1
DA:62,1
DA:63,5
DA:71,9
DA:72,9
DA:73,9
DA:74,9
DA:75,9
DA:76,9
DA:77,9
DA:78,9
DA:79,9
DA:80,9
DA:81,9
DA:83,7
DA:84,7
DA:85,9
DA:86,2
DA:87,2
DA:88,2
DA:89,9
DA:97,2
DA:98,2
DA:99,2
DA:100,2
DA:102,2
DA:105,2
DA:106,2
DA:107,2
DA:109,2
DA:110,1
DA:111,1
DA:113,2
DA:114,2
DA:117,2
DA:119,2
DA:120,2
DA:125,1
DA:127,1
DA:128,6
DA:129,6
DA:130,6
DA:131,6
DA:132,6
DA:133,5
DA:134,5
DA:136,6
DA:137,4
DA:138,4
DA:139,4
DA:140,4
DA:141,0
DA:142,0
DA:143,6
DA:144,6
LF:74
LH:72
BRDA:48,0,0,5
BRDA:50,1,0,4
BRDA:55,2,0,3
BRDA:56,3,0,4
BRDA:56,4,0,1
BRDA:58,5,0,1
BRDA:71,6,0,9
BRDA:77,7,0,4
BRDA:81,8,0,7
BRDA:85,9,0,2
BRDA:97,10,0,2
BRDA:109,11,0,1
BRDA:110,12,0,1
BRDA:127,13,0,6
BRDA:132,14,0,5
BRDA:136,15,0,4
BRDA:140,16,0,0
BRF:17
BRH:16
end_of_record
